#
# There is insufficient memory for the Java Runtime Environment to continue.
# Native memory allocation (mmap) failed to map 226492416 bytes for committing reserved memory.
# Possible reasons:
#   The system is out of physical RAM or swap space
#   In 32 bit mode, the process size limit was hit
# Possible solutions:
#   Reduce memory load on the system
#   Increase physical memory or swap space
#   Check if swap backing store is full
#   Use 64 bit Java on a 64 bit OS
#   Decrease Java heap size (-Xmx/-Xms)
#   Decrease number of Java threads
#   Decrease Java thread stack sizes (-Xss)
#   Set larger code cache with -XX:ReservedCodeCacheSize=
# This output file may be truncated or incomplete.
#
#  Out of Memory Error (os_linux.cpp:2746), pid=540, tid=0x00007fd4802bd700
#
# JRE version: OpenJDK Runtime Environment (8.0_191-b12) (build 1.8.0_191-8u191-b12-0ubuntu0.18.04.1-b12)
# Java VM: OpenJDK 64-Bit Server VM (25.191-b12 mixed mode linux-amd64 compressed oops)
# Failed to write core dump. Core dumps have been disabled. To enable core dumping, try "ulimit -c unlimited" before starting Java again
#

---------------  T H R E A D  ---------------

Current thread (0x00007fd494088000):  VMThread [stack: 0x00007fd4801be000,0x00007fd4802be000] [id=552]

Stack: [0x00007fd4801be000,0x00007fd4802be000],  sp=0x00007fd4802bc440,  free space=1017k
Native frames: (J=compiled Java code, j=interpreted, Vv=VM code, C=native code)
V  [libjvm.so+0xab2512]
V  [libjvm.so+0x4d9e97]
V  [libjvm.so+0x8ed690]
V  [libjvm.so+0x8e47be]
V  [libjvm.so+0x968516]
V  [libjvm.so+0x95718a]
V  [libjvm.so+0x957358]
V  [libjvm.so+0x957f60]
V  [libjvm.so+0x95e2fc]
V  [libjvm.so+0x9663e5]
V  [libjvm.so+0x914a58]
V  [libjvm.so+0xab41d2]
V  [libjvm.so+0xab8d96]
V  [libjvm.so+0xab7035]
V  [libjvm.so+0xab79ad]
V  [libjvm.so+0xab7d87]
V  [libjvm.so+0x8eaa42]

VM_Operation (0x00007fd384e240f0): ParallelGCFailedAllocation, mode: safepoint, requested by thread 0x00007fd41c02e000


---------------  P R O C E S S  ---------------

Java Threads: ( => current thread )
  0x00007fd3bc588000 JavaThread "SortMerger spilling thread" daemon [_thread_blocked, id=889, stack(0x00007fd384b23000,0x00007fd384c24000)]
  0x00007fd3bc587000 JavaThread "SortMerger sorting thread" daemon [_thread_blocked, id=888, stack(0x00007fd384f27000,0x00007fd385028000)]
  0x00007fd3bc586800 JavaThread "SortMerger Reading Thread" daemon [_thread_blocked, id=887, stack(0x00007fd38451d000,0x00007fd38461e000)]
  0x00007fd38c003800 JavaThread "SortMerger spilling thread" daemon [_thread_blocked, id=886, stack(0x00007fd35beff000,0x00007fd35c000000)]
  0x00007fd38c002800 JavaThread "SortMerger sorting thread" daemon [_thread_blocked, id=885, stack(0x00007fd35bdfe000,0x00007fd35beff000)]
  0x00007fd38c001800 JavaThread "SortMerger Reading Thread" daemon [_thread_blocked, id=884, stack(0x00007fd3865f5000,0x00007fd3866f6000)]
  0x00007fd36c007800 JavaThread "SortMerger spilling thread" daemon [_thread_blocked, id=883, stack(0x00007fd384a22000,0x00007fd384b23000)]
  0x00007fd36c006800 JavaThread "SortMerger sorting thread" daemon [_thread_blocked, id=882, stack(0x00007fd384e26000,0x00007fd384f27000)]
  0x00007fd36c005800 JavaThread "SortMerger Reading Thread" daemon [_thread_blocked, id=881, stack(0x00007fd386cfc000,0x00007fd386dfd000)]
  0x00007fd388046800 JavaThread "CHAIN MapPartition (MapPartition at TextIO.Write/WriteFiles/FinalizeTempFileBundles/Reshuffle.ViaRandomKey/Reshuffle/ReifyOriginalTimestamps/ParDo(Anonymous)/ParMultiDo(Anonymous)) -> FlatMap (FlatMap at TextIO.Write/WriteFiles/FinalizeTempFileBundles/Reshuffle.ViaRandomKey/Reshuffle/ReifyOriginalTimestamps/ParDo(Anonymous)/ParMultiDo(Anonymous).output) -> Map (Key Extractor) -> GroupCombine (GroupCombine at GroupCombine: TextIO.Write/WriteFiles/FinalizeTempFileBundles/Reshuffle.ViaRandomKey/Reshuffle/GroupByKey) -> Map (Key Extractor) (5/8)" [_thread_blocked, id=880, stack(0x00007fd384119000,0x00007fd38421a000)]
  0x00007fd3a4017000 JavaThread "SortMerger spilling thread" daemon [_thread_blocked, id=878, stack(0x00007fd38471f000,0x00007fd384820000)]
  0x00007fd3a4013800 JavaThread "SortMerger sorting thread" daemon [_thread_blocked, id=877, stack(0x00007fd38441c000,0x00007fd38451d000)]
  0x00007fd3a4018800 JavaThread "SortMerger Reading Thread" daemon [_thread_blocked, id=876, stack(0x00007fd35bafb000,0x00007fd35bbfc000)]
  0x00007fd4200d2800 JavaThread "GroupReduce (GroupReduce at TextIO.Write/WriteFiles/FinalizeTempFileBundles/Reshuffle.ViaRandomKey/Reshuffle/GroupByKey) (6/8)" [_thread_blocked, id=875, stack(0x00007fd3853e5000,0x00007fd3854e6000)]
  0x00007fd420099800 JavaThread "GroupReduce (GroupReduce at TextIO.Write/WriteFiles/FinalizeTempFileBundles/Reshuffle.ViaRandomKey/Reshuffle/GroupByKey) (8/8)" [_thread_blocked, id=873, stack(0x00007fd3dbeff000,0x00007fd3dc000000)]
  0x00007fd36800b000 JavaThread "SortMerger spilling thread" daemon [_thread_blocked, id=872, stack(0x00007fd3d83e8000,0x00007fd3d84e9000)]
  0x00007fd36800a000 JavaThread "SortMerger sorting thread" daemon [_thread_blocked, id=871, stack(0x00007fd3d8bee000,0x00007fd3d8cef000)]
  0x00007fd368009800 JavaThread "SortMerger Reading Thread" daemon [_thread_blocked, id=869, stack(0x00007fd3d8aed000,0x00007fd3d8bee000)]
  0x00007fd4200d6000 JavaThread "GroupReduce (GroupReduce at TextIO.Write/WriteFiles/FinalizeTempFileBundles/Reshuffle.ViaRandomKey/Reshuffle/GroupByKey) (7/8)" [_thread_blocked, id=868, stack(0x00007fd3d91f4000,0x00007fd3d92f5000)]
  0x00007fd41c02e000 JavaThread "GroupReduce (GroupReduce at TextIO.Write/WriteFiles/FinalizeTempFileBundles/Reshuffle.ViaRandomKey/Reshuffle/GroupByKey) (5/8)" [_thread_blocked, id=866, stack(0x00007fd384d25000,0x00007fd384e26000)]
  0x00007fd41c027000 JavaThread "GroupReduce (GroupReduce at TextIO.Write/WriteFiles/FinalizeTempFileBundles/Reshuffle.ViaRandomKey/Reshuffle/GroupByKey) (4/8)" [_thread_blocked, id=865, stack(0x00007fd3da6fa000,0x00007fd3da7fb000)]
  0x00007fd41c02d000 JavaThread "GroupReduce (GroupReduce at TextIO.Write/WriteFiles/FinalizeTempFileBundles/Reshuffle.ViaRandomKey/Reshuffle/GroupByKey) (3/8)" [_thread_blocked, id=864, stack(0x00007fd386afa000,0x00007fd386bfb000)]
  0x00007fd41c02c000 JavaThread "GroupReduce (GroupReduce at TextIO.Write/WriteFiles/FinalizeTempFileBundles/Reshuffle.ViaRandomKey/Reshuffle/GroupByKey) (2/8)" [_thread_blocked, id=863, stack(0x00007fd3d90f3000,0x00007fd3d91f4000)]
  0x00007fd41c025000 JavaThread "GroupReduce (GroupReduce at TextIO.Write/WriteFiles/FinalizeTempFileBundles/Reshuffle.ViaRandomKey/Reshuffle/GroupByKey) (1/8)" [_thread_blocked, id=862, stack(0x00007fd3866f6000,0x00007fd3867f7000)]
  0x00007fd41c02b000 JavaThread "CHAIN MapPartition (MapPartition at TextIO.Write/WriteFiles/FinalizeTempFileBundles/Reshuffle.ViaRandomKey/Reshuffle/ReifyOriginalTimestamps/ParDo(Anonymous)/ParMultiDo(Anonymous)) -> FlatMap (FlatMap at TextIO.Write/WriteFiles/FinalizeTempFileBundles/Reshuffle.ViaRandomKey/Reshuffle/ReifyOriginalTimestamps/ParDo(Anonymous)/ParMultiDo(Anonymous).output) -> Map (Key Extractor) -> GroupCombine (GroupCombine at GroupCombine: TextIO.Write/WriteFiles/FinalizeTempFileBundles/Reshuffle.ViaRandomKey/Reshuffle/GroupByKey) -> Map (Key Extractor) (1/8)" [_thread_blocked, id=860, stack(0x00007fd3db9fc000,0x00007fd3dbafd000)]
  0x00007fd41c02a000 JavaThread "CHAIN MapPartition (MapPartition at TextIO.Write/WriteFiles/FinalizeTempFileBundles/Reshuffle.ViaRandomKey/Reshuffle/ReifyOriginalTimestamps/ParDo(Anonymous)/ParMultiDo(Anonymous)) -> FlatMap (FlatMap at TextIO.Write/WriteFiles/FinalizeTempFileBundles/Reshuffle.ViaRandomKey/Reshuffle/ReifyOriginalTimestamps/ParDo(Anonymous)/ParMultiDo(Anonymous).output) -> Map (Key Extractor) -> GroupCombine (GroupCombine at GroupCombine: TextIO.Write/WriteFiles/FinalizeTempFileBundles/Reshuffle.ViaRandomKey/Reshuffle/GroupByKey) -> Map (Key Extractor) (8/8)" [_thread_blocked, id=859, stack(0x00007fd386bfb000,0x00007fd386cfc000)]
  0x00007fd41c029000 JavaThread "CHAIN MapPartition (MapPartition at TextIO.Write/WriteFiles/FinalizeTempFileBundles/Reshuffle.ViaRandomKey/Reshuffle/ReifyOriginalTimestamps/ParDo(Anonymous)/ParMultiDo(Anonymous)) -> FlatMap (FlatMap at TextIO.Write/WriteFiles/FinalizeTempFileBundles/Reshuffle.ViaRandomKey/Reshuffle/ReifyOriginalTimestamps/ParDo(Anonymous)/ParMultiDo(Anonymous).output) -> Map (Key Extractor) -> GroupCombine (GroupCombine at GroupCombine: TextIO.Write/WriteFiles/FinalizeTempFileBundles/Reshuffle.ViaRandomKey/Reshuffle/GroupByKey) -> Map (Key Extractor) (4/8)" [_thread_blocked, id=858, stack(0x00007fd3867f7000,0x00007fd3868f8000)]
  0x00007fd41c028800 JavaThread "CHAIN MapPartition (MapPartition at TextIO.Write/WriteFiles/FinalizeTempFileBundles/Reshuffle.ViaRandomKey/Reshuffle/ReifyOriginalTimestamps/ParDo(Anonymous)/ParMultiDo(Anonymous)) -> FlatMap (FlatMap at TextIO.Write/WriteFiles/FinalizeTempFileBundles/Reshuffle.ViaRandomKey/Reshuffle/ReifyOriginalTimestamps/ParDo(Anonymous)/ParMultiDo(Anonymous).output) -> Map (Key Extractor) -> GroupCombine (GroupCombine at GroupCombine: TextIO.Write/WriteFiles/FinalizeTempFileBundles/Reshuffle.ViaRandomKey/Reshuffle/GroupByKey) -> Map (Key Extractor) (6/8)" [_thread_blocked, id=857, stack(0x00007fd3d88eb000,0x00007fd3d89ec000)]
  0x00007fd41402d800 JavaThread "CloseableReaperThread" daemon [_thread_blocked, id=846, stack(0x00007fd3868f8000,0x00007fd3869f9000)]
  0x00007fd36c004800 JavaThread "globalEventExecutor-6-11" [_thread_blocked, id=808, stack(0x00007fd3d8ef1000,0x00007fd3d8ff2000)]
  0x00007fd388042000 JavaThread "jobmanager-future-thread-8" daemon [_thread_blocked, id=718, stack(0x00007fd3d95f8000,0x00007fd3d96f9000)]
  0x00007fd388040800 JavaThread "jobmanager-future-thread-7" daemon [_thread_blocked, id=715, stack(0x00007fd3d82e7000,0x00007fd3d83e8000)]
  0x00007fd388040000 JavaThread "jobmanager-future-thread-6" daemon [_thread_blocked, id=713, stack(0x00007fd3d89ec000,0x00007fd3d8aed000)]
  0x00007fd38803e800 JavaThread "jobmanager-future-thread-5" daemon [_thread_blocked, id=711, stack(0x00007fd3dbafd000,0x00007fd3dbbfe000)]
  0x00007fd42001c000 JavaThread "Flink-MetricRegistry-thread-1" daemon [_thread_blocked, id=709, stack(0x00007fd3d84e9000,0x00007fd3d85ea000)]
  0x00007fd388024800 JavaThread "jobmanager-future-thread-4" daemon [_thread_blocked, id=708, stack(0x00007fd3d8cef000,0x00007fd3d8df0000)]
  0x00007fd4181c0000 JavaThread "pool-1-thread-1" [_thread_blocked, id=707, stack(0x00007fd3d94f7000,0x00007fd3d95f8000)]
  0x00007fd420018000 JavaThread "jobmanager-future-thread-3" daemon [_thread_blocked, id=706, stack(0x00007fd3d8ff2000,0x00007fd3d90f3000)]
  0x00007fd38801e000 JavaThread "FlinkCompletableFutureDelayScheduler-thread-1" daemon [_thread_blocked, id=705, stack(0x00007fd4280ea000,0x00007fd4281eb000)]
  0x00007fd41c019800 JavaThread "jobmanager-future-thread-2" daemon [_thread_blocked, id=704, stack(0x00007fd3d87ea000,0x00007fd3d88eb000)]
  0x00007fd420014000 JavaThread "flink-akka.actor.default-dispatcher-6" [_thread_blocked, id=699, stack(0x00007fd3d8df0000,0x00007fd3d8ef1000)]
  0x00007fd3f28a0000 JavaThread "ObjectCleanerThread" daemon [_thread_blocked, id=600, stack(0x00007fd3dbbfe000,0x00007fd3dbcff000)]
  0x00007fd3f24a2800 JavaThread "jobmanager-future-thread-1" daemon [_thread_blocked, id=591, stack(0x00007fd4287fd000,0x00007fd4288fe000)]
  0x00007fd3f2492800 JavaThread "flink-rest-server-netty-boss-1-1" [_thread_blocked, id=590, stack(0x00007fd4288fe000,0x00007fd4289ff000)]
  0x00007fd494292800 JavaThread "IOManager reader thread #1" daemon [_thread_blocked, id=586, stack(0x00007fd44c2b7000,0x00007fd44c3b8000)]
  0x00007fd494305800 JavaThread "IOManager writer thread #1" daemon [_thread_blocked, id=585, stack(0x00007fd44c3b8000,0x00007fd44c4b9000)]
  0x00007fd49567b000 JavaThread "Timer-2" daemon [_thread_blocked, id=581, stack(0x00007fd44c6b9000,0x00007fd44c7ba000)]
  0x00007fd495677800 JavaThread "Timer-1" daemon [_thread_blocked, id=580, stack(0x00007fd44c7ba000,0x00007fd44c8bb000)]
  0x00007fd49564f000 JavaThread "BLOB Server listener at 36647" daemon [_thread_in_native, id=578, stack(0x00007fd44c8bb000,0x00007fd44c9bc000)]
  0x00007fd49563e800 JavaThread "Timer-0" daemon [_thread_blocked, id=577, stack(0x00007fd44c9bc000,0x00007fd44cabd000)]
  0x00007fd49561c800 JavaThread "flink-akka.actor.default-dispatcher-5" [_thread_blocked, id=576, stack(0x00007fd44cabd000,0x00007fd44cbbe000)]
  0x00007fd495610800 JavaThread "flink-akka.actor.default-dispatcher-3" [_thread_blocked, id=574, stack(0x00007fd44ccbf000,0x00007fd44cdc0000)]
  0x00007fd4955db800 JavaThread "flink-akka.actor.default-dispatcher-2" [_thread_blocked, id=572, stack(0x00007fd44cdc0000,0x00007fd44cec1000)]
  0x00007fd4952e1000 JavaThread "flink-scheduler-1" [_thread_blocked, id=571, stack(0x00007fd44cec1000,0x00007fd44cfc2000)]
  0x00007fd4940d2000 JavaThread "Service Thread" daemon [_thread_blocked, id=560, stack(0x00007fd44f748000,0x00007fd44f849000)]
  0x00007fd4940cf000 JavaThread "C1 CompilerThread3" daemon [_thread_blocked, id=559, stack(0x00007fd44f84a000,0x00007fd44f94a000)]
  0x00007fd4940cd000 JavaThread "C2 CompilerThread2" daemon [_thread_blocked, id=558, stack(0x00007fd44f94b000,0x00007fd44fa4b000)]
  0x00007fd4940cb000 JavaThread "C2 CompilerThread1" daemon [_thread_blocked, id=557, stack(0x00007fd44fa4c000,0x00007fd44fb4c000)]
  0x00007fd4940c8000 JavaThread "C2 CompilerThread0" daemon [_thread_blocked, id=556, stack(0x00007fd45406e000,0x00007fd45416e000)]
  0x00007fd4940c6800 JavaThread "Signal Dispatcher" daemon [_thread_blocked, id=555, stack(0x00007fd45416e000,0x00007fd45426f000)]
  0x00007fd494094000 JavaThread "Finalizer" daemon [_thread_blocked, id=554, stack(0x00007fd45426f000,0x00007fd454370000)]
  0x00007fd494091800 JavaThread "Reference Handler" daemon [_thread_blocked, id=553, stack(0x00007fd4800bc000,0x00007fd4801bd000)]
  0x00007fd494012000 JavaThread "main" [_thread_blocked, id=543, stack(0x00007fd49b0a4000,0x00007fd49b1a4000)]

Other Threads:
=>0x00007fd494088000 VMThread [stack: 0x00007fd4801be000,0x00007fd4802be000] [id=552]
  0x00007fd4940d4800 WatcherThread [stack: 0x00007fd44f648000,0x00007fd44f748000] [id=561]

VM state:at safepoint (normal execution)

VM Mutex/Monitor currently owned by a thread:  ([mutex/lock_event])
[0x00007fd49400e100] ExpandHeap_lock - owner thread: 0x00007fd494088000
[0x00007fd49400e780] Threads_lock - owner thread: 0x00007fd494088000
[0x00007fd49400ec80] Heap_lock - owner thread: 0x00007fd41c02e000

Heap:
 PSYoungGen      total 794112K, used 0K [0x000000076cf80000, 0x00000007c0000000, 0x00000007c0000000)
  eden space 346112K, 0% used [0x000000076cf80000,0x000000076cf80000,0x0000000782180000)
  from space 448000K, 0% used [0x0000000782180000,0x0000000782180000,0x000000079d700000)
  to   space 453120K, 0% used [0x00000007a4580000,0x00000007a4580000,0x00000007c0000000)
 ParOldGen       total 909824K, used 571079K [0x00000006c6e00000, 0x00000006fe680000, 0x000000076cf80000)
  object space 909824K, 62% used [0x00000006c6e00000,0x00000006e9bb1f58,0x00000006fe680000)
 Metaspace       used 58778K, capacity 60256K, committed 60416K, reserved 1101824K
  class space    used 7750K, capacity 8071K, committed 8192K, reserved 1048576K

Card table byte_map: [0x00007fd483e41000,0x00007fd48460b000] byte_map_base: 0x00007fd48080a000

Marking Bits: (ParMarkBitMap*) 0x00007fd49a355340
 Begin Bits: [0x00007fd454370000, 0x00007fd4581b8000)
 End Bits:   [0x00007fd4581b8000, 0x00007fd45c000000)

Polling page: 0x00007fd49b1d6000

CodeCache: size=245760Kb used=13516Kb max_used=13516Kb free=232243Kb
 bounds [0x00007fd4849cb000, 0x00007fd48571b000, 0x00007fd4939cb000]
 total_blobs=5509 nmethods=4832 adapters=591
 compilation: enabled

Compilation events (10 events):
Event: 17.679 Thread 0x00007fd4940cf000 5598       3       com.fasterxml.jackson.core.io.NumberInput::parseInt (204 bytes)
Event: 17.679 Thread 0x00007fd4940cf000 nmethod 5598 0x00007fd48570d3d0 code [0x00007fd48570d560, 0x00007fd48570d9b0]
Event: 17.679 Thread 0x00007fd4940cf000 5600       3       java.util.concurrent.ThreadPoolExecutor$Worker::lock (6 bytes)
Event: 17.680 Thread 0x00007fd4940cf000 nmethod 5600 0x00007fd48570dc10 code [0x00007fd48570dde0, 0x00007fd48570e568]
Event: 17.680 Thread 0x00007fd4940cf000 5601       3       java.util.concurrent.ThreadPoolExecutor::beforeExecute (1 bytes)
Event: 17.680 Thread 0x00007fd4940cf000 nmethod 5601 0x00007fd48570e7d0 code [0x00007fd48570e920, 0x00007fd48570ea70]
Event: 17.680 Thread 0x00007fd4940cf000 5602       3       java.util.concurrent.ThreadPoolExecutor::afterExecute (1 bytes)
Event: 17.680 Thread 0x00007fd4940cf000 nmethod 5602 0x00007fd48570ead0 code [0x00007fd48570ec20, 0x00007fd48570ed70]
Event: 17.680 Thread 0x00007fd4940cf000 5599       3       org.apache.beam.repackaged.beam_sdks_java_core.com.google.common.collect.AbstractMapBasedMultimap$AsMap::<init> (15 bytes)
Event: 17.680 Thread 0x00007fd4940cf000 nmethod 5599 0x00007fd48570edd0 code [0x00007fd48570ef40, 0x00007fd48570f1d0]

GC Heap History (10 events):
Event: 15.706 GC heap after
Heap after GC invocations=19 (full 6):
 PSYoungGen      total 499712K, used 0K [0x000000076cf80000, 0x00000007ad200000, 0x00000007c0000000)
  eden space 291328K, 0% used [0x000000076cf80000,0x000000076cf80000,0x000000077ec00000)
  from space 208384K, 0% used [0x000000077ec00000,0x000000077ec00000,0x000000078b780000)
  to   space 328704K, 0% used [0x0000000799100000,0x0000000799100000,0x00000007ad200000)
 ParOldGen       total 875008K, used 446865K [0x00000006c6e00000, 0x00000006fc480000, 0x000000076cf80000)
  object space 875008K, 51% used [0x00000006c6e00000,0x00000006e2264478,0x00000006fc480000)
 Metaspace       used 58092K, capacity 59612K, committed 59776K, reserved 1101824K
  class space    used 7691K, capacity 8021K, committed 8064K, reserved 1048576K
}
Event: 16.952 GC heap before
{Heap before GC invocations=20 (full 6):
 PSYoungGen      total 499712K, used 291324K [0x000000076cf80000, 0x00000007ad200000, 0x00000007c0000000)
  eden space 291328K, 99% used [0x000000076cf80000,0x000000077ebff278,0x000000077ec00000)
  from space 208384K, 0% used [0x000000077ec00000,0x000000077ec00000,0x000000078b780000)
  to   space 328704K, 0% used [0x0000000799100000,0x0000000799100000,0x00000007ad200000)
 ParOldGen       total 875008K, used 446865K [0x00000006c6e00000, 0x00000006fc480000, 0x000000076cf80000)
  object space 875008K, 51% used [0x00000006c6e00000,0x00000006e2264478,0x00000006fc480000)
 Metaspace       used 58108K, capacity 59612K, committed 59776K, reserved 1101824K
  class space    used 7691K, capacity 8021K, committed 8064K, reserved 1048576K
Event: 17.186 GC heap after
Heap after GC invocations=20 (full 6):
 PSYoungGen      total 680448K, used 278215K [0x000000076cf80000, 0x00000007b1600000, 0x00000007c0000000)
  eden space 351744K, 0% used [0x000000076cf80000,0x000000076cf80000,0x0000000782700000)
  from space 328704K, 84% used [0x0000000799100000,0x00000007aa0b1d00,0x00000007ad200000)
  to   space 370688K, 0% used [0x0000000782700000,0x0000000782700000,0x0000000799100000)
 ParOldGen       total 875008K, used 446873K [0x00000006c6e00000, 0x00000006fc480000, 0x000000076cf80000)
  object space 875008K, 51% used [0x00000006c6e00000,0x00000006e2266478,0x00000006fc480000)
 Metaspace       used 58108K, capacity 59612K, committed 59776K, reserved 1101824K
  class space    used 7691K, capacity 8021K, committed 8064K, reserved 1048576K
}
Event: 17.461 GC heap before
{Heap before GC invocations=21 (full 6):
 PSYoungGen      total 680448K, used 629959K [0x000000076cf80000, 0x00000007b1600000, 0x00000007c0000000)
  eden space 351744K, 100% used [0x000000076cf80000,0x0000000782700000,0x0000000782700000)
  from space 328704K, 84% used [0x0000000799100000,0x00000007aa0b1d00,0x00000007ad200000)
  to   space 370688K, 0% used [0x0000000782700000,0x0000000782700000,0x0000000799100000)
 ParOldGen       total 875008K, used 446873K [0x00000006c6e00000, 0x00000006fc480000, 0x000000076cf80000)
  object space 875008K, 51% used [0x00000006c6e00000,0x00000006e2266478,0x00000006fc480000)
 Metaspace       used 58654K, capacity 60130K, committed 60288K, reserved 1101824K
  class space    used 7736K, capacity 8034K, committed 8064K, reserved 1048576K
Event: 17.479 GC heap after
Heap after GC invocations=21 (full 6):
 PSYoungGen      total 722432K, used 116839K [0x000000076cf80000, 0x00000007b2980000, 0x00000007c0000000)
  eden space 351744K, 0% used [0x000000076cf80000,0x000000076cf80000,0x0000000782700000)
  from space 370688K, 31% used [0x0000000782700000,0x0000000789919c00,0x0000000799100000)
  to   space 346624K, 0% used [0x000000079d700000,0x000000079d700000,0x00000007b2980000)
 ParOldGen       total 875008K, used 457402K [0x00000006c6e00000, 0x00000006fc480000, 0x000000076cf80000)
  object space 875008K, 52% used [0x00000006c6e00000,0x00000006e2caea88,0x00000006fc480000)
 Metaspace       used 58654K, capacity 60130K, committed 60288K, reserved 1101824K
  class space    used 7736K, capacity 8034K, committed 8064K, reserved 1048576K
}
Event: 17.519 GC heap before
{Heap before GC invocations=22 (full 6):
 PSYoungGen      total 722432K, used 468582K [0x000000076cf80000, 0x00000007b2980000, 0x00000007c0000000)
  eden space 351744K, 99% used [0x000000076cf80000,0x00000007826ffd48,0x0000000782700000)
  from space 370688K, 31% used [0x0000000782700000,0x0000000789919c00,0x0000000799100000)
  to   space 346624K, 0% used [0x000000079d700000,0x000000079d700000,0x00000007b2980000)
 ParOldGen       total 875008K, used 457402K [0x00000006c6e00000, 0x00000006fc480000, 0x000000076cf80000)
  object space 875008K, 52% used [0x00000006c6e00000,0x00000006e2caea88,0x00000006fc480000)
 Metaspace       used 58759K, capacity 60256K, committed 60416K, reserved 1101824K
  class space    used 7750K, capacity 8071K, committed 8192K, reserved 1048576K
Event: 17.647 GC heap after
Heap after GC invocations=22 (full 6):
 PSYoungGen      total 692736K, used 346612K [0x000000076cf80000, 0x00000007c0000000, 0x00000007c0000000)
  eden space 346112K, 0% used [0x000000076cf80000,0x000000076cf80000,0x0000000782180000)
  from space 346624K, 99% used [0x000000079d700000,0x00000007b297d0c0,0x00000007b2980000)
  to   space 448000K, 0% used [0x0000000782180000,0x0000000782180000,0x000000079d700000)
 ParOldGen       total 875008K, used 566827K [0x00000006c6e00000, 0x00000006fc480000, 0x000000076cf80000)
  object space 875008K, 64% used [0x00000006c6e00000,0x00000006e978ae60,0x00000006fc480000)
 Metaspace       used 58759K, capacity 60256K, committed 60416K, reserved 1101824K
  class space    used 7750K, capacity 8071K, committed 8192K, reserved 1048576K
}
Event: 17.684 GC heap before
{Heap before GC invocations=23 (full 6):
 PSYoungGen      total 692736K, used 692706K [0x000000076cf80000, 0x00000007c0000000, 0x00000007c0000000)
  eden space 346112K, 99% used [0x000000076cf80000,0x000000078217b880,0x0000000782180000)
  from space 346624K, 99% used [0x000000079d700000,0x00000007b297d0c0,0x00000007b2980000)
  to   space 448000K, 0% used [0x0000000782180000,0x0000000782180000,0x000000079d700000)
 ParOldGen       total 875008K, used 566827K [0x00000006c6e00000, 0x00000006fc480000, 0x000000076cf80000)
  object space 875008K, 64% used [0x00000006c6e00000,0x00000006e978ae60,0x00000006fc480000)
 Metaspace       used 58778K, capacity 60256K, committed 60416K, reserved 1101824K
  class space    used 7750K, capacity 8071K, committed 8192K, reserved 1048576K
Event: 20.961 GC heap after
Heap after GC invocations=23 (full 6):
 PSYoungGen      total 794112K, used 336451K [0x000000076cf80000, 0x00000007c0000000, 0x00000007c0000000)
  eden space 346112K, 0% used [0x000000076cf80000,0x000000076cf80000,0x0000000782180000)
  from space 448000K, 75% used [0x0000000782180000,0x0000000796a10e90,0x000000079d700000)
  to   space 453120K, 0% used [0x00000007a4580000,0x00000007a4580000,0x00000007c0000000)
 ParOldGen       total 909824K, used 908625K [0x00000006c6e00000, 0x00000006fe680000, 0x000000076cf80000)
  object space 909824K, 99% used [0x00000006c6e00000,0x00000006fe554508,0x00000006fe680000)
 Metaspace       used 58778K, capacity 60256K, committed 60416K, reserved 1101824K
  class space    used 7750K, capacity 8071K, committed 8192K, reserved 1048576K
}
Event: 20.978 GC heap before
{Heap before GC invocations=24 (full 7):
 PSYoungGen      total 794112K, used 336451K [0x000000076cf80000, 0x00000007c0000000, 0x00000007c0000000)
  eden space 346112K, 0% used [0x000000076cf80000,0x000000076cf80000,0x0000000782180000)
  from space 448000K, 75% used [0x0000000782180000,0x0000000796a10e90,0x000000079d700000)
  to   space 453120K, 0% used [0x00000007a4580000,0x00000007a4580000,0x00000007c0000000)
 ParOldGen       total 909824K, used 908625K [0x00000006c6e00000, 0x00000006fe680000, 0x000000076cf80000)
  object space 909824K, 99% used [0x00000006c6e00000,0x00000006fe554508,0x00000006fe680000)
 Metaspace       used 58778K, capacity 60256K, committed 60416K, reserved 1101824K
  class space    used 7750K, capacity 8071K, committed 8192K, reserved 1048576K

Deoptimization events (10 events):
Event: 14.663 Thread 0x00007fd42009a800 Uncommon trap: reason=unstable_if action=reinterpret pc=0x00007fd4853e3a68 method=java.util.Arrays.hashCode([Ljava/lang/Object;)I @ 34
Event: 14.675 Thread 0x00007fd42009a800 Uncommon trap: reason=unstable_if action=reinterpret pc=0x00007fd484e62090 method=java.lang.reflect.Modifier.toString(I)Ljava/lang/String; @ 52
Event: 14.675 Thread 0x00007fd42009a800 Uncommon trap: reason=unstable_if action=reinterpret pc=0x00007fd4850f88c0 method=java.beans.PropertyDescriptor.getReadMethod()Ljava/lang/reflect/Method; @ 9
Event: 14.981 Thread 0x00007fd495610800 Uncommon trap: reason=unstable_if action=reinterpret pc=0x00007fd485164b24 method=scala.concurrent.forkjoin.ForkJoinPool.scan(Lscala/concurrent/forkjoin/ForkJoinPool$WorkQueue;)Lscala/concurrent/forkjoin/ForkJoinTask; @ 312
Event: 17.204 Thread 0x00007fd38804a000 Uncommon trap: reason=unstable_if action=reinterpret pc=0x00007fd485505084 method=org.apache.flink.core.memory.MemorySegment.isFreed()Z @ 9
Event: 17.303 Thread 0x00007fd4955db800 Uncommon trap: reason=unstable_if action=reinterpret pc=0x00007fd48522e138 method=scala.concurrent.forkjoin.ForkJoinPool.scan(Lscala/concurrent/forkjoin/ForkJoinPool$WorkQueue;)Lscala/concurrent/forkjoin/ForkJoinTask; @ 630
Event: 17.441 Thread 0x00007fd41c026800 Uncommon trap: reason=unstable_if action=reinterpret pc=0x00007fd48510e434 method=org.apache.beam.repackaged.beam_sdks_java_core.com.google.common.collect.ImmutableSet.construct(I[Ljava/lang/Object;)Lorg/apache/beam/repackaged/beam_sdks_java_core/com/goog
Event: 17.507 Thread 0x00007fd41c026800 Uncommon trap: reason=class_check action=maybe_recompile pc=0x00007fd484d418ec method=java.io.DataOutputStream.write(I)V @ 5
Event: 17.514 Thread 0x00007fd42009a800 Uncommon trap: reason=class_check action=maybe_recompile pc=0x00007fd484eb9ce4 method=java.io.FilterInputStream.read()I @ 4
Event: 17.515 Thread 0x00007fd42009a800 Uncommon trap: reason=class_check action=maybe_recompile pc=0x00007fd484d418ec method=java.io.DataOutputStream.write(I)V @ 5

Classes redefined (0 events):
No events

Internal exceptions (10 events):
Event: 14.636 Thread 0x00007fd495610800 Exception <a 'java/lang/NoSuchMethodError': <clinit>> (0x000000076ec22990) thrown at [/build/openjdk-8-rxFzfV/openjdk-8-8u191-b12/src/hotspot/src/share/vm/prims/jni.cpp, line 1613]
Event: 14.641 Thread 0x00007fd42009a800 Implicit null exception at 0x00007fd485355a2c to 0x00007fd485355fc5
Event: 14.663 Thread 0x00007fd42009a800 Implicit null exception at 0x00007fd4853e39af to 0x00007fd4853e3a49
Event: 14.671 Thread 0x00007fd42009a800 Exception <a 'java/lang/ClassNotFoundException': org/apache/beam/examples/RidersBeanInfo> (0x000000076f0f7b40) thrown at [/build/openjdk-8-rxFzfV/openjdk-8-8u191-b12/src/hotspot/src/share/vm/classfile/systemDictionary.cpp, line 210]
Event: 14.671 Thread 0x00007fd42009a800 Exception <a 'java/lang/ClassNotFoundException': org/apache/beam/examples/RidersCustomizer> (0x000000076f10b8d0) thrown at [/build/openjdk-8-rxFzfV/openjdk-8-8u191-b12/src/hotspot/src/share/vm/classfile/systemDictionary.cpp, line 210]
Event: 14.675 Thread 0x00007fd42009a800 Implicit null exception at 0x00007fd4850f806a to 0x00007fd4850f88b1
Event: 16.934 Thread 0x00007fd36404b800 Exception <a 'java/lang/InterruptedException': sleep interrupted> (0x000000077a2b6040) thrown at [/build/openjdk-8-rxFzfV/openjdk-8-8u191-b12/src/hotspot/src/share/vm/prims/jvm.cpp, line 3273]
Event: 17.330 Thread 0x00007fd3ac008000 Exception <a 'java/lang/InterruptedException'> (0x000000076fc55160) thrown at [/build/openjdk-8-rxFzfV/openjdk-8-8u191-b12/src/hotspot/src/share/vm/runtime/objectMonitor.cpp, line 1684]
Event: 17.346 Thread 0x00007fd37806e000 Exception <a 'java/lang/InterruptedException'> (0x000000077004b688) thrown at [/build/openjdk-8-rxFzfV/openjdk-8-8u191-b12/src/hotspot/src/share/vm/runtime/objectMonitor.cpp, line 1684]
Event: 17.385 Thread 0x00007fd37806e000 Exception <a 'java/lang/InterruptedException'> (0x000000077073a150) thrown at [/build/openjdk-8-rxFzfV/openjdk-8-8u191-b12/src/hotspot/src/share/vm/runtime/objectMonitor.cpp, line 1684]

Events (10 events):
Event: 17.659 Thread 0x00007fd36c006800 Thread added: 0x00007fd36c006800
Event: 17.662 Thread 0x00007fd36c007800 Thread added: 0x00007fd36c007800
Event: 17.662 Thread 0x00007fd41c025800 Thread exited: 0x00007fd41c025800
Event: 17.670 Thread 0x00007fd38c001800 Thread added: 0x00007fd38c001800
Event: 17.675 Thread 0x00007fd38c002800 Thread added: 0x00007fd38c002800
Event: 17.675 Thread 0x00007fd38c003800 Thread added: 0x00007fd38c003800
Event: 17.675 Thread 0x00007fd3bc586800 Thread added: 0x00007fd3bc586800
Event: 17.676 Thread 0x00007fd3bc587000 Thread added: 0x00007fd3bc587000
Event: 17.676 Thread 0x00007fd3bc588000 Thread added: 0x00007fd3bc588000
Event: 17.684 Executing VM operation: ParallelGCFailedAllocation


Dynamic libraries:
6c6e00000-6fe680000 rw-p 00000000 00:00 0 
70be80000-76cf80000 ---p 00000000 00:00 0 
76cf80000-7c0000000 rw-p 00000000 00:00 0 
7c0000000-7c0800000 rw-p 00000000 00:00 0 
7c0800000-800000000 ---p 00000000 00:00 0 
557efe909000-557efe90a000 r-xp 00000000 fd:01 5511483                    /usr/lib/jvm/java-8-openjdk-amd64/jre/bin/java
557efeb09000-557efeb0a000 r--p 00000000 fd:01 5511483                    /usr/lib/jvm/java-8-openjdk-amd64/jre/bin/java
557efeb0a000-557efeb0b000 rw-p 00001000 fd:01 5511483                    /usr/lib/jvm/java-8-openjdk-amd64/jre/bin/java
557eff1e3000-557eff228000 rw-p 00000000 00:00 0                          [heap]
7fd354000000-7fd354021000 rw-p 00000000 00:00 0 
7fd354021000-7fd358000000 ---p 00000000 00:00 0 
7fd35bafb000-7fd35bafe000 ---p 00000000 00:00 0 
7fd35bafe000-7fd35bbfc000 rw-p 00000000 00:00 0 
7fd35bbfc000-7fd35bbff000 ---p 00000000 00:00 0 
7fd35bbff000-7fd35bcfd000 rw-p 00000000 00:00 0 
7fd35bcfd000-7fd35bd00000 ---p 00000000 00:00 0 
7fd35bd00000-7fd35bdfe000 rw-p 00000000 00:00 0 
7fd35bdfe000-7fd35be01000 ---p 00000000 00:00 0 
7fd35be01000-7fd35beff000 rw-p 00000000 00:00 0 
7fd35beff000-7fd35bf02000 ---p 00000000 00:00 0 
7fd35bf02000-7fd35c000000 rw-p 00000000 00:00 0 
7fd35c000000-7fd35c05d000 rw-p 00000000 00:00 0 
7fd35c05d000-7fd360000000 ---p 00000000 00:00 0 
7fd360000000-7fd360021000 rw-p 00000000 00:00 0 
7fd360021000-7fd364000000 ---p 00000000 00:00 0 
7fd364000000-7fd364050000 rw-p 00000000 00:00 0 
7fd364050000-7fd368000000 ---p 00000000 00:00 0 
7fd368000000-7fd368021000 rw-p 00000000 00:00 0 
7fd368021000-7fd36c000000 ---p 00000000 00:00 0 
7fd36c000000-7fd36c021000 rw-p 00000000 00:00 0 
7fd36c021000-7fd370000000 ---p 00000000 00:00 0 
7fd370000000-7fd370021000 rw-p 00000000 00:00 0 
7fd370021000-7fd374000000 ---p 00000000 00:00 0 
7fd374000000-7fd374338000 rw-p 00000000 00:00 0 
7fd374338000-7fd378000000 ---p 00000000 00:00 0 
7fd378000000-7fd378071000 rw-p 00000000 00:00 0 
7fd378071000-7fd37c000000 ---p 00000000 00:00 0 
7fd37c000000-7fd37c021000 rw-p 00000000 00:00 0 
7fd37c021000-7fd380000000 ---p 00000000 00:00 0 
7fd380000000-7fd380021000 rw-p 00000000 00:00 0 
7fd380021000-7fd384000000 ---p 00000000 00:00 0 
7fd384018000-7fd38401b000 ---p 00000000 00:00 0 
7fd38401b000-7fd384119000 rw-p 00000000 00:00 0 
7fd384119000-7fd38411c000 ---p 00000000 00:00 0 
7fd38411c000-7fd38421a000 rw-p 00000000 00:00 0 
7fd38421a000-7fd38421d000 ---p 00000000 00:00 0 
7fd38421d000-7fd38431b000 rw-p 00000000 00:00 0 
7fd38441c000-7fd38441f000 ---p 00000000 00:00 0 
7fd38441f000-7fd38451d000 rw-p 00000000 00:00 0 
7fd38451d000-7fd384520000 ---p 00000000 00:00 0 
7fd384520000-7fd38461e000 rw-p 00000000 00:00 0 
7fd38461e000-7fd384621000 ---p 00000000 00:00 0 
7fd384621000-7fd38471f000 rw-p 00000000 00:00 0 
7fd38471f000-7fd384722000 ---p 00000000 00:00 0 
7fd384722000-7fd384820000 rw-p 00000000 00:00 0 
7fd384820000-7fd384823000 ---p 00000000 00:00 0 
7fd384823000-7fd384921000 rw-p 00000000 00:00 0 
7fd384921000-7fd384924000 ---p 00000000 00:00 0 
7fd384924000-7fd384a22000 rw-p 00000000 00:00 0 
7fd384a22000-7fd384a25000 ---p 00000000 00:00 0 
7fd384a25000-7fd384b23000 rw-p 00000000 00:00 0 
7fd384b23000-7fd384b26000 ---p 00000000 00:00 0 
7fd384b26000-7fd384c24000 rw-p 00000000 00:00 0 
7fd384c24000-7fd384c27000 ---p 00000000 00:00 0 
7fd384c27000-7fd384d25000 rw-p 00000000 00:00 0 
7fd384d25000-7fd384d28000 ---p 00000000 00:00 0 
7fd384d28000-7fd384e26000 rw-p 00000000 00:00 0 
7fd384e26000-7fd384e29000 ---p 00000000 00:00 0 
7fd384e29000-7fd384f27000 rw-p 00000000 00:00 0 
7fd384f27000-7fd384f2a000 ---p 00000000 00:00 0 
7fd384f2a000-7fd385028000 rw-p 00000000 00:00 0 
7fd385028000-7fd38502b000 ---p 00000000 00:00 0 
7fd38502b000-7fd385229000 rw-p 00000000 00:00 0 
7fd385229000-7fd385329000 ---p 00000000 00:00 0 
7fd3853e5000-7fd3853e8000 ---p 00000000 00:00 0 
7fd3853e8000-7fd3854e6000 rw-p 00000000 00:00 0 
7fd3854e6000-7fd3854e9000 ---p 00000000 00:00 0 
7fd3854e9000-7fd3855e7000 rw-p 00000000 00:00 0 
7fd3863f5000-7fd3865f5000 rw-p 00000000 00:00 0 
7fd3865f5000-7fd3865f8000 ---p 00000000 00:00 0 
7fd3865f8000-7fd3866f6000 rw-p 00000000 00:00 0 
7fd3866f6000-7fd3866f9000 ---p 00000000 00:00 0 
7fd3866f9000-7fd3867f7000 rw-p 00000000 00:00 0 
7fd3867f7000-7fd3867fa000 ---p 00000000 00:00 0 
7fd3867fa000-7fd3868f8000 rw-p 00000000 00:00 0 
7fd3868f8000-7fd3868fb000 ---p 00000000 00:00 0 
7fd3868fb000-7fd3869f9000 rw-p 00000000 00:00 0 
7fd386afa000-7fd386afd000 ---p 00000000 00:00 0 
7fd386afd000-7fd386bfb000 rw-p 00000000 00:00 0 
7fd386bfb000-7fd386bfe000 ---p 00000000 00:00 0 
7fd386bfe000-7fd386cfc000 rw-p 00000000 00:00 0 
7fd386cfc000-7fd386cff000 ---p 00000000 00:00 0 
7fd386cff000-7fd386dfd000 rw-p 00000000 00:00 0 
7fd386fff000-7fd388000000 rw-p 00000000 00:00 0 
7fd388000000-7fd38804d000 rw-p 00000000 00:00 0 
7fd38804d000-7fd38c000000 ---p 00000000 00:00 0 
7fd38c000000-7fd38c021000 rw-p 00000000 00:00 0 
7fd38c021000-7fd390000000 ---p 00000000 00:00 0 
7fd390000000-7fd390021000 rw-p 00000000 00:00 0 
7fd390021000-7fd394000000 ---p 00000000 00:00 0 
7fd394000000-7fd394021000 rw-p 00000000 00:00 0 
7fd394021000-7fd398000000 ---p 00000000 00:00 0 
7fd398000000-7fd398030000 rw-p 00000000 00:00 0 
7fd398030000-7fd39c000000 ---p 00000000 00:00 0 
7fd39c000000-7fd39c021000 rw-p 00000000 00:00 0 
7fd39c021000-7fd3a0000000 ---p 00000000 00:00 0 
7fd3a0000000-7fd3a0021000 rw-p 00000000 00:00 0 
7fd3a0021000-7fd3a4000000 ---p 00000000 00:00 0 
7fd3a4000000-7fd3a4030000 rw-p 00000000 00:00 0 
7fd3a4030000-7fd3a8000000 ---p 00000000 00:00 0 
7fd3a8000000-7fd3a8179000 rw-p 00000000 00:00 0 
7fd3a8179000-7fd3ac000000 ---p 00000000 00:00 0 
7fd3ac000000-7fd3ac0be000 rw-p 00000000 00:00 0 
7fd3ac0be000-7fd3b0000000 ---p 00000000 00:00 0 
7fd3b0000000-7fd3b0021000 rw-p 00000000 00:00 0 
7fd3b0021000-7fd3b4000000 ---p 00000000 00:00 0 
7fd3b4000000-7fd3b4052000 rw-p 00000000 00:00 0 
7fd3b4052000-7fd3b8000000 ---p 00000000 00:00 0 
7fd3b8000000-7fd3b8023000 rw-p 00000000 00:00 0 
7fd3b8023000-7fd3bc000000 ---p 00000000 00:00 0 
7fd3bc000000-7fd3bc6c3000 rw-p 00000000 00:00 0 
7fd3bc6c3000-7fd3c0000000 ---p 00000000 00:00 0 
7fd3c0000000-7fd3c0021000 rw-p 00000000 00:00 0 
7fd3c0021000-7fd3c4000000 ---p 00000000 00:00 0 
7fd3c4000000-7fd3c4034000 rw-p 00000000 00:00 0 
7fd3c4034000-7fd3c8000000 ---p 00000000 00:00 0 
7fd3c8000000-7fd3c8021000 rw-p 00000000 00:00 0 
7fd3c8021000-7fd3cc000000 ---p 00000000 00:00 0 
7fd3cc000000-7fd3cc034000 rw-p 00000000 00:00 0 
7fd3cc034000-7fd3d0000000 ---p 00000000 00:00 0 
7fd3d0000000-7fd3d00a1000 rw-p 00000000 00:00 0 
7fd3d00a1000-7fd3d4000000 ---p 00000000 00:00 0 
7fd3d4000000-7fd3d4021000 rw-p 00000000 00:00 0 
7fd3d4021000-7fd3d8000000 ---p 00000000 00:00 0 
7fd3d80e7000-7fd3d82e7000 rw-p 00000000 00:00 0 
7fd3d82e7000-7fd3d82ea000 ---p 00000000 00:00 0 
7fd3d82ea000-7fd3d83e8000 rw-p 00000000 00:00 0 
7fd3d83e8000-7fd3d83eb000 ---p 00000000 00:00 0 
7fd3d83eb000-7fd3d84e9000 rw-p 00000000 00:00 0 
7fd3d84e9000-7fd3d84ec000 ---p 00000000 00:00 0 
7fd3d84ec000-7fd3d87ea000 rw-p 00000000 00:00 0 
7fd3d87ea000-7fd3d87ed000 ---p 00000000 00:00 0 
7fd3d87ed000-7fd3d88eb000 rw-p 00000000 00:00 0 
7fd3d88eb000-7fd3d88ee000 ---p 00000000 00:00 0 
7fd3d88ee000-7fd3d89ec000 rw-p 00000000 00:00 0 
7fd3d89ec000-7fd3d89ef000 ---p 00000000 00:00 0 
7fd3d89ef000-7fd3d8aed000 rw-p 00000000 00:00 0 
7fd3d8aed000-7fd3d8af0000 ---p 00000000 00:00 0 
7fd3d8af0000-7fd3d8bee000 rw-p 00000000 00:00 0 
7fd3d8bee000-7fd3d8bf1000 ---p 00000000 00:00 0 
7fd3d8bf1000-7fd3d8cef000 rw-p 00000000 00:00 0 
7fd3d8cef000-7fd3d8cf2000 ---p 00000000 00:00 0 
7fd3d8cf2000-7fd3d8df0000 rw-p 00000000 00:00 0 
7fd3d8df0000-7fd3d8df3000 ---p 00000000 00:00 0 
7fd3d8df3000-7fd3d8ef1000 rw-p 00000000 00:00 0 
7fd3d8ef1000-7fd3d8ef4000 ---p 00000000 00:00 0 
7fd3d8ef4000-7fd3d8ff2000 rw-p 00000000 00:00 0 
7fd3d8ff2000-7fd3d8ff5000 ---p 00000000 00:00 0 
7fd3d8ff5000-7fd3d90f3000 rw-p 00000000 00:00 0 
7fd3d90f3000-7fd3d90f6000 ---p 00000000 00:00 0 
7fd3d90f6000-7fd3d91f4000 rw-p 00000000 00:00 0 
7fd3d91f4000-7fd3d91f7000 ---p 00000000 00:00 0 
7fd3d91f7000-7fd3d92f5000 rw-p 00000000 00:00 0 
7fd3d94f7000-7fd3d94fa000 ---p 00000000 00:00 0 
7fd3d94fa000-7fd3d95f8000 rw-p 00000000 00:00 0 
7fd3d95f8000-7fd3d95fb000 ---p 00000000 00:00 0 
7fd3d95fb000-7fd3da6fa000 rw-p 00000000 00:00 0 
7fd3da6fa000-7fd3da6fd000 ---p 00000000 00:00 0 
7fd3da6fd000-7fd3da9fb000 rw-p 00000000 00:00 0 
7fd3da9fb000-7fd3db9fc000 rw-p 00000000 00:00 0 
7fd3db9fc000-7fd3db9ff000 ---p 00000000 00:00 0 
7fd3db9ff000-7fd3dbafd000 rw-p 00000000 00:00 0 
7fd3dbafd000-7fd3dbb00000 ---p 00000000 00:00 0 
7fd3dbb00000-7fd3dbbfe000 rw-p 00000000 00:00 0 
7fd3dbbfe000-7fd3dbc01000 ---p 00000000 00:00 0 
7fd3dbc01000-7fd3dbeff000 rw-p 00000000 00:00 0 
7fd3dbeff000-7fd3dbf02000 ---p 00000000 00:00 0 
7fd3dbf02000-7fd3dc000000 rw-p 00000000 00:00 0 
7fd3dc000000-7fd3dc021000 rw-p 00000000 00:00 0 
7fd3dc021000-7fd3e0000000 ---p 00000000 00:00 0 
7fd3e0000000-7fd3e0021000 rw-p 00000000 00:00 0 
7fd3e0021000-7fd3e4000000 ---p 00000000 00:00 0 
7fd3e4000000-7fd3e4021000 rw-p 00000000 00:00 0 
7fd3e4021000-7fd3e8000000 ---p 00000000 00:00 0 
7fd3e8000000-7fd3e8021000 rw-p 00000000 00:00 0 
7fd3e8021000-7fd3ec000000 ---p 00000000 00:00 0 
7fd3ec000000-7fd3efff9000 rw-p 00000000 00:00 0 
7fd3efff9000-7fd3f0000000 ---p 00000000 00:00 0 
7fd3f0000000-7fd3f28ef000 rw-p 00000000 00:00 0 
7fd3f28ef000-7fd3f4000000 ---p 00000000 00:00 0 
7fd3f4000000-7fd3f7ff9000 rw-p 00000000 00:00 0 
7fd3f7ff9000-7fd3f8000000 ---p 00000000 00:00 0 
7fd3f8000000-7fd3fbff9000 rw-p 00000000 00:00 0 
7fd3fbff9000-7fd3fc000000 ---p 00000000 00:00 0 
7fd3fc000000-7fd3ffff9000 rw-p 00000000 00:00 0 
7fd3ffff9000-7fd400000000 ---p 00000000 00:00 0 
7fd400000000-7fd403ff9000 rw-p 00000000 00:00 0 
7fd403ff9000-7fd404000000 ---p 00000000 00:00 0 
7fd404000000-7fd404021000 rw-p 00000000 00:00 0 
7fd404021000-7fd408000000 ---p 00000000 00:00 0 
7fd408000000-7fd408021000 rw-p 00000000 00:00 0 
7fd408021000-7fd40c000000 ---p 00000000 00:00 0 
7fd40c000000-7fd40c021000 rw-p 00000000 00:00 0 
7fd40c021000-7fd410000000 ---p 00000000 00:00 0 
7fd410000000-7fd410021000 rw-p 00000000 00:00 0 
7fd410021000-7fd414000000 ---p 00000000 00:00 0 
7fd414000000-7fd414036000 rw-p 00000000 00:00 0 
7fd414036000-7fd418000000 ---p 00000000 00:00 0 
7fd418000000-7fd418509000 rw-p 00000000 00:00 0 
7fd418509000-7fd41c000000 ---p 00000000 00:00 0 
7fd41c000000-7fd41c02f000 rw-p 00000000 00:00 0 
7fd41c02f000-7fd420000000 ---p 00000000 00:00 0 
7fd420000000-7fd4200e0000 rw-p 00000000 00:00 0 
7fd4200e0000-7fd424000000 ---p 00000000 00:00 0 
7fd424000000-7fd424021000 rw-p 00000000 00:00 0 
7fd424021000-7fd428000000 ---p 00000000 00:00 0 
7fd4280ea000-7fd4280ed000 ---p 00000000 00:00 0 
7fd4280ed000-7fd4283eb000 rw-p 00000000 00:00 0 
7fd4283eb000-7fd4283fd000 r-xp 00000000 fd:01 3673546                    /tmp/jffi2305583257488729038.so (deleted)
7fd4283fd000-7fd4285fc000 ---p 00012000 fd:01 3673546                    /tmp/jffi2305583257488729038.so (deleted)
7fd4285fc000-7fd4285fd000 rw-p 00011000 fd:01 3673546                    /tmp/jffi2305583257488729038.so (deleted)
7fd4285fd000-7fd4287fd000 rw-p 00000000 00:00 0 
7fd4287fd000-7fd428800000 ---p 00000000 00:00 0 
7fd428800000-7fd4288fe000 rw-p 00000000 00:00 0 
7fd4288fe000-7fd428901000 ---p 00000000 00:00 0 
7fd428901000-7fd428bff000 rw-p 00000000 00:00 0 
7fd428bff000-7fd428dff000 rw-p 00000000 00:00 0 
7fd428dff000-7fd428fff000 rw-p 00000000 00:00 0 
7fd428fff000-7fd42c000000 rw-p 00000000 00:00 0 
7fd42c000000-7fd42c021000 rw-p 00000000 00:00 0 
7fd42c021000-7fd430000000 ---p 00000000 00:00 0 
7fd430000000-7fd430021000 rw-p 00000000 00:00 0 
7fd430021000-7fd434000000 ---p 00000000 00:00 0 
7fd434000000-7fd435666000 rw-p 00000000 00:00 0 
7fd435666000-7fd438000000 ---p 00000000 00:00 0 
7fd438000000-7fd438aa0000 rw-p 00000000 00:00 0 
7fd438aa0000-7fd43c000000 ---p 00000000 00:00 0 
7fd43c000000-7fd43de48000 rw-p 00000000 00:00 0 
7fd43de48000-7fd440000000 ---p 00000000 00:00 0 
7fd440000000-7fd441889000 rw-p 00000000 00:00 0 
7fd441889000-7fd444000000 ---p 00000000 00:00 0 
7fd444000000-7fd444021000 rw-p 00000000 00:00 0 
7fd444021000-7fd448000000 ---p 00000000 00:00 0 
7fd448000000-7fd448021000 rw-p 00000000 00:00 0 
7fd448021000-7fd44c000000 ---p 00000000 00:00 0 
7fd44c0ad000-7fd44c0b6000 r-xp 00000000 fd:01 5511520                    /usr/lib/jvm/java-8-openjdk-amd64/jre/lib/amd64/libmanagement.so
7fd44c0b6000-7fd44c2b5000 ---p 00009000 fd:01 5511520                    /usr/lib/jvm/java-8-openjdk-amd64/jre/lib/amd64/libmanagement.so
7fd44c2b5000-7fd44c2b6000 r--p 00008000 fd:01 5511520                    /usr/lib/jvm/java-8-openjdk-amd64/jre/lib/amd64/libmanagement.so
7fd44c2b6000-7fd44c2b7000 rw-p 00009000 fd:01 5511520                    /usr/lib/jvm/java-8-openjdk-amd64/jre/lib/amd64/libmanagement.so
7fd44c2b7000-7fd44c2ba000 ---p 00000000 00:00 0 
7fd44c2ba000-7fd44c3b8000 rw-p 00000000 00:00 0 
7fd44c3b8000-7fd44c3bb000 ---p 00000000 00:00 0 
7fd44c3bb000-7fd44c6b9000 rw-p 00000000 00:00 0 
7fd44c6b9000-7fd44c6bc000 ---p 00000000 00:00 0 
7fd44c6bc000-7fd44c7ba000 rw-p 00000000 00:00 0 
7fd44c7ba000-7fd44c7bd000 ---p 00000000 00:00 0 
7fd44c7bd000-7fd44c8bb000 rw-p 00000000 00:00 0 
7fd44c8bb000-7fd44c8be000 ---p 00000000 00:00 0 
7fd44c8be000-7fd44c9bc000 rw-p 00000000 00:00 0 
7fd44c9bc000-7fd44c9bf000 ---p 00000000 00:00 0 
7fd44c9bf000-7fd44cabd000 rw-p 00000000 00:00 0 
7fd44cabd000-7fd44cac0000 ---p 00000000 00:00 0 
7fd44cac0000-7fd44cbbe000 rw-p 00000000 00:00 0 
7fd44cbbe000-7fd44cbc1000 ---p 00000000 00:00 0 
7fd44cbc1000-7fd44ccbf000 rw-p 00000000 00:00 0 
7fd44ccbf000-7fd44ccc2000 ---p 00000000 00:00 0 
7fd44ccc2000-7fd44cdc0000 rw-p 00000000 00:00 0 
7fd44cdc0000-7fd44cdc3000 ---p 00000000 00:00 0 
7fd44cdc3000-7fd44cec1000 rw-p 00000000 00:00 0 
7fd44cec1000-7fd44cec4000 ---p 00000000 00:00 0 
7fd44cec4000-7fd44cfc2000 rw-p 00000000 00:00 0 
7fd44d06c000-7fd44d06d000 r-xp 00000000 00:00 0 
7fd44d06d000-7fd44d074000 r--s 00000000 fd:01 5770047                    /usr/lib/x86_64-linux-gnu/gconv/gconv-modules.cache
7fd44d074000-7fd44d274000 rw-p 00000000 00:00 0 
7fd44d274000-7fd44d474000 rw-p 00000000 00:00 0 
7fd44d474000-7fd44d674000 rw-p 00000000 00:00 0 
7fd44d674000-7fd44d874000 rw-p 00000000 00:00 0 
7fd44d874000-7fd44da74000 rw-p 00000000 00:00 0 
7fd44da74000-7fd44dc74000 rw-p 00000000 00:00 0 
7fd44dc74000-7fd44de74000 rw-p 00000000 00:00 0 
7fd44de74000-7fd44de8b000 r-xp 00000000 fd:01 5511522                    /usr/lib/jvm/java-8-openjdk-amd64/jre/lib/amd64/libnet.so
7fd44de8b000-7fd44e08a000 ---p 00017000 fd:01 5511522                    /usr/lib/jvm/java-8-openjdk-amd64/jre/lib/amd64/libnet.so
7fd44e08a000-7fd44e08b000 r--p 00016000 fd:01 5511522                    /usr/lib/jvm/java-8-openjdk-amd64/jre/lib/amd64/libnet.so
7fd44e08b000-7fd44e08c000 rw-p 00017000 fd:01 5511522                    /usr/lib/jvm/java-8-openjdk-amd64/jre/lib/amd64/libnet.so
7fd44e08c000-7fd44e09e000 r-xp 00000000 fd:01 5511523                    /usr/lib/jvm/java-8-openjdk-amd64/jre/lib/amd64/libnio.so
7fd44e09e000-7fd44e29d000 ---p 00012000 fd:01 5511523                    /usr/lib/jvm/java-8-openjdk-amd64/jre/lib/amd64/libnio.so
7fd44e29d000-7fd44e29e000 r--p 00011000 fd:01 5511523                    /usr/lib/jvm/java-8-openjdk-amd64/jre/lib/amd64/libnio.so
7fd44e29e000-7fd44e29f000 rw-p 00012000 fd:01 5511523                    /usr/lib/jvm/java-8-openjdk-amd64/jre/lib/amd64/libnio.so
7fd44e29f000-7fd44e49f000 rw-p 00000000 00:00 0 
7fd44e49f000-7fd44e4b2000 r--s 00346000 fd:01 5511567                    /usr/lib/jvm/java-8-openjdk-amd64/jre/lib/resources.jar
7fd44e4b2000-7fd44e4f3000 r-xp 00000000 fd:01 3673545                    /tmp/snappy-1.1.4-911c02e9-2dd7-4ba3-b587-2482c3c55b03-libsnappyjava.so
7fd44e4f3000-7fd44e6f3000 ---p 00041000 fd:01 3673545                    /tmp/snappy-1.1.4-911c02e9-2dd7-4ba3-b587-2482c3c55b03-libsnappyjava.so
7fd44e6f3000-7fd44e6f6000 rw-p 00041000 fd:01 3673545                    /tmp/snappy-1.1.4-911c02e9-2dd7-4ba3-b587-2482c3c55b03-libsnappyjava.so
7fd44e6f6000-7fd44e908000 rw-p 00000000 00:00 0 
7fd44e908000-7fd44e90d000 r--s 000a0000 fd:01 5511563                    /usr/lib/jvm/java-8-openjdk-amd64/jre/lib/jsse.jar
7fd44e90d000-7fd44eb0d000 rw-p 00000000 00:00 0 
7fd44eb0d000-7fd44eb16000 r--s 0005b000 fd:01 3673586                    /home/shahar/.gradle/caches/modules-2/files-2.1/io.netty/netty-common/4.0.56.Final/b0cd4003e71c5b1b43344bf58050f2133f27bac9/netty-common-4.0.56.Final.jar
7fd44eb16000-7fd44eb21000 r--s 0005d000 fd:01 3678283                    /home/shahar/.gradle/caches/modules-2/files-2.1/org.scala-lang.modules/scala-parser-combinators_2.11/1.0.4/7369d653bcfa95d321994660477a4d7e81d7f490/scala-parser-combinators_2.11-1.0.4.jar
7fd44eb21000-7fd44eb27000 r--s 00052000 fd:01 3684779                    /home/shahar/.gradle/caches/modules-2/files-2.1/com.github.jnr/jnr-constants/0.9.9/33f23994e09aeb49880aa01e12e8e9eff058c14c/jnr-constants-0.9.9.jar
7fd44eb27000-7fd44eb2a000 r--s 00033000 fd:01 3682812                    /home/shahar/.gradle/caches/modules-2/files-2.1/com.github.jnr/jnr-x86asm/1.0.2/6936bbd6c5b235665d87bd450f5e13b52d4b48/jnr-x86asm-1.0.2.jar
7fd44eb2a000-7fd44eb2b000 r--s 0000c000 fd:01 3684254                    /home/shahar/.gradle/caches/modules-2/files-2.1/org.ow2.asm/asm/5.0.3/dcc2193db20e19e1feca8b1240dbbc4e190824fa/asm-5.0.3.jar
7fd44eb2b000-7fd44eb2d000 r--s 00006000 fd:01 3684252                    /home/shahar/.gradle/caches/modules-2/files-2.1/org.ow2.asm/asm-tree/5.0.3/287749b48ba7162fb67c93a026d690b29f410bed/asm-tree-5.0.3.jar
7fd44eb2d000-7fd44eb2e000 r--s 0000a000 fd:01 3682814                    /home/shahar/.gradle/caches/modules-2/files-2.1/org.ow2.asm/asm-util/5.0.3/1512e5571325854b05fb1efce1db75fcced54389/asm-util-5.0.3.jar
7fd44eb2e000-7fd44eb2f000 r--s 00004000 fd:01 3684253                    /home/shahar/.gradle/caches/modules-2/files-2.1/org.ow2.asm/asm-analysis/5.0.3/c7126aded0e8e13fed5f913559a0dd7b770a10f3/asm-analysis-5.0.3.jar
7fd44eb2f000-7fd44eb31000 r--s 00009000 fd:01 3682813                    /home/shahar/.gradle/caches/modules-2/files-2.1/org.ow2.asm/asm-commons/5.0.3/a7111830132c7f87d08fe48cb0ca07630f8cb91c/asm-commons-5.0.3.jar
7fd44eb31000-7fd44eb33000 r--s 000a1000 fd:01 3684612                    /home/shahar/.gradle/caches/modules-2/files-2.1/com.github.jnr/jffi/1.2.16/3c1f0edf2df2c6e0419d60d0baa59659211624cb/jffi-1.2.16-native.jar
7fd44eb33000-7fd44eb36000 r--s 00022000 fd:01 3684613                    /home/shahar/.gradle/caches/modules-2/files-2.1/com.github.jnr/jffi/1.2.16/5c1149dfcc9a16f85c8d9b8797f03806667cb9f1/jffi-1.2.16.jar
7fd44eb36000-7fd44eb3a000 r--s 00036000 fd:01 3673584                    /home/shahar/.gradle/caches/modules-2/files-2.1/io.netty/netty-buffer/4.0.56.Final/b39eb8a9e5c99a31773fe7fc93523fd379d7a71/netty-buffer-4.0.56.Final.jar
7fd44eb3a000-7fd44eb43000 r--s 00057000 fd:01 3673583                    /home/shahar/.gradle/caches/modules-2/files-2.1/io.netty/netty-transport/4.0.56.Final/535223be500f76fd02b271e4c15c8678d10830ab/netty-transport-4.0.56.Final.jar
7fd44eb43000-7fd44eb47000 r--s 00022000 fd:01 3673581                    /home/shahar/.gradle/caches/modules-2/files-2.1/io.netty/netty-codec/4.0.56.Final/bd9ecf1cf3721bbedfd2fb0c52d4f56803ff270d/netty-codec-4.0.56.Final.jar
7fd44eb47000-7fd44eb49000 r--s 0000b000 fd:01 3678282                    /home/shahar/.gradle/caches/modules-2/files-2.1/com.twitter/chill-java/0.7.4/c4c005297ce8b29749edecd06f97329f25df70d/chill-java-0.7.4.jar
7fd44eb49000-7fd44eb51000 r--s 00052000 fd:01 3678281                    /home/shahar/.gradle/caches/modules-2/files-2.1/com.typesafe/ssl-config-core_2.11/0.2.1/3d2e6a36a7427d6f9d3921c91d6ac1f57dc47b57/ssl-config-core_2.11-0.2.1.jar
7fd44eb51000-7fd44eb52000 r--s 00000000 fd:01 3678273                    /home/shahar/.gradle/caches/modules-2/files-2.1/org.reactivestreams/reactive-streams/1.0.0/14b8c877d98005ba3941c9257cfe09f6ed0e0d74/reactive-streams-1.0.0.jar
7fd44eb52000-7fd44eb60000 r--s 00081000 fd:01 3678275                    /home/shahar/.gradle/caches/modules-2/files-2.1/org.scala-lang.modules/scala-java8-compat_2.11/0.7.0/a31b1b36bcf0d53657733b5d40c78d5f090a5dea/scala-java8-compat_2.11-0.7.0.jar
7fd44eb60000-7fd44eb65000 r--s 0003f000 fd:01 3678278                    /home/shahar/.gradle/caches/modules-2/files-2.1/com.typesafe/config/1.3.0/f533aa6ea13e443b50e639d070986c42d03efc35/config-1.3.0.jar
7fd44eb65000-7fd44eb67000 r--s 00000000 fd:01 3677759                    /home/shahar/.gradle/caches/modules-2/files-2.1/com.esotericsoftware.minlog/minlog/1.2/59bfcd171d82f9981a5e242b9e840191f650e209/minlog-1.2.jar
7fd44eb67000-7fd44eb68000 r--s 00002000 fd:01 3677018                    /home/shahar/.gradle/caches/modules-2/files-2.1/com.google.errorprone/error_prone_annotations/2.1.2/6dcc08f90f678ac33e5ef78c3c752b6f59e63e0c/error_prone_annotations-2.1.2.jar
7fd44eb68000-7fd44eb79000 r--s 00096000 fd:01 3684611                    /home/shahar/.gradle/caches/modules-2/files-2.1/com.github.jnr/jnr-ffi/2.1.7/31a7391a212069303935a1df29566b7372d3ef9f/jnr-ffi-2.1.7.jar
7fd44eb79000-7fd44eb7e000 r--s 00036000 fd:01 3684607                    /home/shahar/.gradle/caches/modules-2/files-2.1/com.github.jnr/jnr-posix/3.0.44/1f8e4551454e613c04f6d4045ed9d5b98e21980f/jnr-posix-3.0.44.jar
7fd44eb7e000-7fd44eb85000 r--s 00051000 fd:01 3673585                    /home/shahar/.gradle/caches/modules-2/files-2.1/io.netty/netty-handler/4.0.56.Final/bf3ee7d214897d3968c1d29a28ee6d5f964876ae/netty-handler-4.0.56.Final.jar
7fd44eb85000-7fd44eb89000 r--s 00033000 fd:01 3678274                    /home/shahar/.gradle/caches/modules-2/files-2.1/com.twitter/chill_2.11/0.7.4/5c20888747a8ec2c05d4ea3292eadd6ead31eb2a/chill_2.11-0.7.4.jar
7fd44eb89000-7fd44eb8d000 r--s 00020000 fd:01 3678277                    /home/shahar/.gradle/caches/modules-2/files-2.1/com.github.scopt/scopt_2.11/3.5.0/4adcea609ae83ae73be401872f0a36c018b34fea/scopt_2.11-3.5.0.jar
7fd44eb8d000-7fd44eb94000 r--s 00070000 fd:01 3678279                    /home/shahar/.gradle/caches/modules-2/files-2.1/com.typesafe.akka/akka-protobuf_2.11/2.4.20/6833d6256aaffe33caccd29acec3f4dedcb1086e/akka-protobuf_2.11-2.4.20.jar
7fd44eb94000-7fd44ebc4000 r--s 00308000 fd:01 3678272                    /home/shahar/.gradle/caches/modules-2/files-2.1/com.typesafe.akka/akka-actor_2.11/2.4.20/251b1d970698b81dad5aa8b84eec3eea835259d2/akka-actor_2.11-2.4.20.jar
7fd44ebc4000-7fd44ec10000 r--s 003f1000 fd:01 3678271                    /home/shahar/.gradle/caches/modules-2/files-2.1/com.typesafe.akka/akka-stream_2.11/2.4.20/7545a4f86cbb372c337dbdb2846110df86a8cc70/akka-stream_2.11-2.4.20.jar
7fd44ec10000-7fd44ec69000 r--s 00523000 fd:01 3678270                    /home/shahar/.gradle/caches/modules-2/files-2.1/org.scala-lang/scala-library/2.11.12/bf5534e6fec3d665bd6419c952a929a8bdd4b591/scala-library-2.11.12.jar
7fd44ec69000-7fd44ec73000 r--s 000a5000 fd:01 3678269                    /home/shahar/.gradle/caches/modules-2/files-2.1/org.javassist/javassist/3.18.2-GA/1180a90fbad732b60fb728a6bbe8fcb3151423d7/javassist-3.18.2-GA.jar
7fd44ec73000-7fd44eca0000 r--s 001f2000 fd:01 3678268                    /home/shahar/.gradle/caches/modules-2/files-2.1/org.apache.flink/flink-shaded-jackson/2.7.9-3.0/d7ec06290f99c198cfcb47895c4835f1f3acb33e/flink-shaded-jackson-2.7.9-3.0.jar
7fd44eca0000-7fd44ecd9000 r--s 00218000 fd:01 3678267                    /home/shahar/.gradle/caches/modules-2/files-2.1/org.apache.flink/flink-shaded-guava/18.0-2.0/210f83ff0b5852d78735ebf730b299886c7266dc/flink-shaded-guava-18.0-2.0.jar
7fd44ecd9000-7fd44ed04000 r--s 001d4000 fd:01 3678266                    /home/shahar/.gradle/caches/modules-2/files-2.1/org.apache.flink/flink-shaded-netty/4.0.27.Final-2.0/cd3b141afa6eb604cb048204fa55da41a6e5347f/flink-shaded-netty-4.0.27.Final-2.0.jar
7fd44ed04000-7fd44ed08000 r--s 0002a000 fd:01 3673580                    /home/shahar/.gradle/caches/modules-2/files-2.1/commons-io/commons-io/2.4/b1b6ea3b7e4aa4f492509a4952029cd8e48019ad/commons-io-2.4.jar
7fd44ed08000-7fd44ed2c000 r--s 001ce000 fd:01 3673582                    /home/shahar/.gradle/caches/modules-2/files-2.1/org.apache.commons/commons-math3/3.5/13af68e9a11576953f5c4b09436f8207be9d3a27/commons-math3-3.5.jar
7fd44ed2c000-7fd44ed39000 r--s 00083000 fd:01 3678068                    /home/shahar/.gradle/caches/modules-2/files-2.1/commons-collections/commons-collections/3.2.2/8ad72fe39fa8c91eaaf12aadb21e0c3661fe26d5/commons-collections-3.2.2.jar
7fd44ed39000-7fd44ed40000 r--s 0005e000 fd:01 3673579                    /home/shahar/.gradle/caches/modules-2/files-2.1/org.apache.commons/commons-lang3/3.3.2/90a3822c38ec8c996e84c16a3477ef632cbc87a3/commons-lang3-3.3.2.jar
7fd44ed40000-7fd44ed47000 r--s 0003c000 fd:01 3678265                    /home/shahar/.gradle/caches/modules-2/files-2.1/org.apache.flink/flink-shaded-asm/5.0.4-2.0/b26fc3453cc850d1a4c494fd4d05a24b9a664265/flink-shaded-asm-5.0.4-2.0.jar
7fd44ed47000-7fd44ed48000 r--s 00001000 fd:01 3673575                    /home/shahar/.gradle/caches/modules-2/files-2.1/org.apache.flink/force-shading/1.5.3/cab554c8662652fa33cefbbeaf1e6c586c3a52ce/force-shading-1.5.3.jar
7fd44ed48000-7fd44ed4b000 r--s 00011000 fd:01 3673576                    /home/shahar/.gradle/caches/modules-2/files-2.1/org.apache.flink/flink-queryable-state-client-java_2.11/1.5.3/4d4daddf1942e0319f5ed5209e2985aa6f0e9445/flink-queryable-state-client-java_2.11-1.5.3.jar
7fd44ed4b000-7fd44ed4e000 r--s 00006000 fd:01 3673203                    /home/shahar/.gradle/caches/modules-2/files-2.1/com.google.code.findbugs/jsr305/1.3.9/40719ea6961c0cb6afaeb6a921eaa1f6afd4cfdf/jsr305-1.3.9.jar
7fd44ed4e000-7fd44ed50000 r--s 0000c000 fd:01 3677454                    /home/shahar/.gradle/caches/modules-2/files-2.1/org.objenesis/objenesis/2.6/639033469776fd37c08358c6b92a4761feb2af4b/objenesis-2.6.jar
7fd44ed50000-7fd44ed56000 r--s 0004d000 fd:01 3677978                    /home/shahar/.gradle/caches/modules-2/files-2.1/com.esotericsoftware.kryo/kryo/2.24.0/c6b206e80cfd97e66a1364003724491c757b92f/kryo-2.24.0.jar
7fd44ed56000-7fd44ed8b000 rw-p 00000000 00:00 0 
7fd44ed8b000-7fd44ef3f000 r--s 01932000 fd:01 3673578                    /home/shahar/.gradle/caches/modules-2/files-2.1/org.apache.beam/beam-model-job-management/2.8.0/5c646ba74771cfd3ec846de1c08f46454bf09334/beam-model-job-management-2.8.0.jar
7fd44ef3f000-7fd44ef75000 rw-p 00000000 00:00 0 
7fd44ef75000-7fd44f12e000 r--s 019b7000 fd:01 3673577                    /home/shahar/.gradle/caches/modules-2/files-2.1/org.apache.beam/beam-model-fn-execution/2.8.0/3e59ad7d3c8cdfd89d0792de4c359be7d3a53ebc/beam-model-fn-execution-2.8.0.jar
7fd44f12e000-7fd44f20f000 r--s 00cfe000 fd:01 3673573                    /home/shahar/.gradle/caches/modules-2/files-2.1/org.apache.beam/beam-model-pipeline/2.8.0/4013142e8b265c5ff75834bbf85cd43af1c6ae14/beam-model-pipeline-2.8.0.jar
7fd44f20f000-7fd44f211000 r--s 00007000 fd:01 3677724                    /home/shahar/.gradle/caches/modules-2/files-2.1/com.thoughtworks.paranamer/paranamer/2.7/3ed64c69e882a324a75e890024c32a28aff0ade8/paranamer-2.7.jar
7fd44f211000-7fd44f215000 r--s 00035000 fd:01 3677726                    /home/shahar/.gradle/caches/modules-2/files-2.1/org.codehaus.jackson/jackson-core-asl/1.9.13/3c304d70f42f832e0a86d45bd437f692129299a4/jackson-core-asl-1.9.13.jar
7fd44f215000-7fd44f223000 r--s 000b1000 fd:01 3677723                    /home/shahar/.gradle/caches/modules-2/files-2.1/org.codehaus.jackson/jackson-mapper-asl/1.9.13/1ee2f2bed0e5dd29d1cb155a166e6f8d50bbddb7/jackson-mapper-asl-1.9.13.jar
7fd44f223000-7fd44f24f000 r--s 00208000 fd:01 3673574                    /home/shahar/.gradle/caches/modules-2/files-2.1/com.google.guava/guava/19.0/6ce200f6b23222af3d8abb6b6459e6c44f4bb0e9/guava-19.0.jar
7fd44f24f000-7fd44f251000 r--s 00002000 fd:01 3673571                    /home/shahar/.gradle/caches/modules-2/files-2.1/org.apache.flink/flink-metrics-core/1.5.3/a5d7d67340e9e43e469b05db4902e4f1a72dae42/flink-metrics-core-1.5.3.jar
7fd44f251000-7fd44f255000 r--s 00022000 fd:01 3677717                    /home/shahar/.gradle/caches/modules-2/files-2.1/args4j/args4j/2.33/bd87a75374a6d6523de82fef51fc3cfe9baf9fc9/args4j-2.33.jar
7fd44f255000-7fd44f260000 r--s 0007e000 fd:01 3677718                    /home/shahar/.gradle/caches/modules-2/files-2.1/org.apache.commons/commons-compress/1.16.1/7b5cdabadb4cf12f5ee0f801399e70635583193f/commons-compress-1.16.1.jar
7fd44f260000-7fd44f264000 r--s 00017000 fd:01 3677719                    /home/shahar/.gradle/caches/modules-2/files-2.1/org.tukaani/xz/1.8/c4f7d054303948eb6a4066194253886c8af07128/xz-1.8.jar
7fd44f264000-7fd44f274000 r--s 00080000 fd:01 3677715                    /home/shahar/.gradle/caches/modules-2/files-2.1/joda-time/joda-time/2.4/89e9725439adffbbd41c5f5c215c136082b34a7f/joda-time-2.4.jar
7fd44f274000-7fd44f277000 r--s 0016d000 fd:01 3677722                    /home/shahar/.gradle/caches/modules-2/files-2.1/org.xerial.snappy/snappy-java/1.1.4/d94ae6d7d27242eaa4b6c323f881edbb98e48da6/snappy-java-1.1.4.jar
7fd44f277000-7fd44f27b000 r--s 0001c000 fd:01 3684609                    /home/shahar/.gradle/caches/modules-2/files-2.1/io.dropwizard.metrics/metrics-core/3.2.2/cd9886f498ee2ab2d994f0c779e5553b2c450416/metrics-core-3.2.2.jar
7fd44f27b000-7fd44f29c000 r--s 0015c000 fd:01 3677716                    /home/shahar/.gradle/caches/modules-2/files-2.1/org.apache.avro/avro/1.8.2/91e3146dfff4bd510181032c8276a3a0130c0697/avro-1.8.2.jar
7fd44f29c000-7fd44f2b1000 r--s 00117000 fd:01 3673569                    /home/shahar/.gradle/caches/modules-2/files-2.1/org.apache.flink/flink-core/1.5.3/75d65256bb47cab2857a962908b6f24689cf4d0a/flink-core-1.5.3.jar
7fd44f2b1000-7fd44f2ba000 r--s 00069000 fd:01 3673566                    /home/shahar/.gradle/caches/modules-2/files-2.1/org.apache.flink/flink-java/1.5.3/a0bedb306d78a82276f7666a611feed284280c2a/flink-java-1.5.3.jar
7fd44f2ba000-7fd44f3b8000 r--s 00adf000 fd:01 3673570                    /home/shahar/.gradle/caches/modules-2/files-2.1/org.apache.flink/flink-runtime_2.11/1.5.3/85b7eebfdc5d446c916cab011dd80145388fd130/flink-runtime_2.11-1.5.3.jar
7fd44f3b8000-7fd44f3eb000 r--s 00267000 fd:01 3673561                    /home/shahar/.gradle/caches/modules-2/files-2.1/com.datastax.cassandra/cassandra-driver-core/3.6.0/78a1ab6540dd48b6761a06c8a043d525ef336b83/cassandra-driver-core-3.6.0-shaded.jar
7fd44f3eb000-7fd44f430000 r--s 00253000 fd:01 3673587                    /home/shahar/.gradle/caches/modules-2/files-2.1/org.apache.beam/beam-sdks-java-io-cassandra/2.4.0/c50b096e0253f6d078de7a4dd6d081adc5ed160a/beam-sdks-java-io-cassandra-2.4.0.jar
7fd44f430000-7fd44f521000 r--s 00960000 fd:01 3673553                    /home/shahar/.gradle/caches/modules-2/files-2.1/org.apache.beam/beam-sdks-java-core/2.8.0/a05940aca8999cc14fcab4c343494a93858d530e/beam-sdks-java-core-2.8.0.jar
7fd44f521000-7fd44f55f000 r--s 0024c000 fd:01 3673555                    /home/shahar/.gradle/caches/modules-2/files-2.1/org.apache.beam/beam-vendor-sdks-java-extensions-protobuf/2.8.0/98d69a1afb8ebb8137c5ddbd3080f0cee8976c57/beam-vendor-sdks-java-extensions-protobuf-2.8.0.jar
7fd44f55f000-7fd44f5a8000 r--s 00269000 fd:01 3673552                    /home/shahar/.gradle/caches/modules-2/files-2.1/org.apache.beam/beam-sdks-java-fn-execution/2.8.0/e7660bc0e7effd238d108d12b5988636affa0560/beam-sdks-java-fn-execution-2.8.0.jar
7fd44f5a8000-7fd44f5fa000 r--s 002b7000 fd:01 3673557                    /home/shahar/.gradle/caches/modules-2/files-2.1/org.apache.beam/beam-runners-core-construction-java/2.8.0/ac62ba897554981b651c5da18effed10d899f532/beam-runners-core-construction-java-2.8.0.jar
7fd44f5fa000-7fd44f647000 r--s 00288000 fd:01 3673554                    /home/shahar/.gradle/caches/modules-2/files-2.1/org.apache.beam/beam-runners-java-fn-execution/2.8.0/fdd1e918b24f2e92209302054d48732842d88bc/beam-runners-java-fn-execution-2.8.0.jar
7fd44f647000-7fd44f648000 ---p 00000000 00:00 0 
7fd44f648000-7fd44f748000 rw-p 00000000 00:00 0 
7fd44f748000-7fd44f74b000 ---p 00000000 00:00 0 
7fd44f74b000-7fd44f849000 rw-p 00000000 00:00 0 
7fd44f849000-7fd44f84a000 ---p 00000000 00:00 0 
7fd44f84a000-7fd44f84d000 ---p 00000000 00:00 0 
7fd44f84d000-7fd44f94a000 rw-p 00000000 00:00 0 
7fd44f94a000-7fd44f94b000 ---p 00000000 00:00 0 
7fd44f94b000-7fd44f94e000 ---p 00000000 00:00 0 
7fd44f94e000-7fd44fa4b000 rw-p 00000000 00:00 0 
7fd44fa4b000-7fd44fa4c000 ---p 00000000 00:00 0 
7fd44fa4c000-7fd44fa4f000 ---p 00000000 00:00 0 
7fd44fa4f000-7fd44fb4c000 rw-p 00000000 00:00 0 
7fd44fb4c000-7fd450000000 r--p 00000000 fd:01 5547691                    /usr/lib/locale/locale-archive
7fd450000000-7fd450021000 rw-p 00000000 00:00 0 
7fd450021000-7fd454000000 ---p 00000000 00:00 0 
7fd454000000-7fd454001000 r--s 0000c000 fd:01 3678260                    /home/shahar/.gradle/caches/modules-2/files-2.1/commons-cli/commons-cli/1.3.1/1303efbc4b181e5a58bf2e967dc156a3132b97c0/commons-cli-1.3.1.jar
7fd454001000-7fd454003000 r--s 00009000 fd:01 3671644                    /home/shahar/.gradle/caches/modules-2/files-2.1/org.slf4j/slf4j-api/1.7.25/da76ca59f6a57ee3102f8f9bd9cee742973efa8a/slf4j-api-1.7.25.jar
7fd454003000-7fd454004000 r--s 00001000 fd:01 3678258                    /home/shahar/.gradle/caches/modules-2/files-2.1/org.clapper/grizzled-slf4j_2.11/1.0.2/55f84482ff1122a9d559179841a34d2c7d48e057/grizzled-slf4j_2.11-1.0.2.jar
7fd454004000-7fd45400a000 r--s 00051000 fd:01 3673565                    /home/shahar/.gradle/caches/modules-2/files-2.1/org.apache.flink/flink-optimizer_2.11/1.5.3/95fe984e406534c065e00eed89bc6b0f28c00d09/flink-optimizer_2.11-1.5.3.jar
7fd45400a000-7fd45400d000 r--s 0001d000 fd:01 3673564                    /home/shahar/.gradle/caches/modules-2/files-2.1/org.apache.flink/flink-clients_2.11/1.5.3/e5e230462aceb3b2e727a7b38feedb2028b412f9/flink-clients_2.11-1.5.3.jar
7fd45400d000-7fd45401f000 r--s 000c5000 fd:01 3673563                    /home/shahar/.gradle/caches/modules-2/files-2.1/org.apache.flink/flink-streaming-java_2.11/1.5.3/e8ba1615e6d7d771e5afa419b84f03dcbdcff975/flink-streaming-java_2.11-1.5.3.jar
7fd45401f000-7fd454022000 r--s 0000e000 fd:01 3671639                    /home/shahar/.gradle/caches/modules-2/files-2.1/com.fasterxml.jackson.core/jackson-annotations/2.9.5/9056ec9db21c57d43219a84bb18c129ae51c6a5d/jackson-annotations-2.9.5.jar
7fd454022000-7fd45406d000 r--s 002a5000 fd:01 3673558                    /home/shahar/.gradle/caches/modules-2/files-2.1/org.apache.beam/beam-runners-core-java/2.8.0/cb52ad855d37128dc77aa36d66c86896c141aeef/beam-runners-core-java-2.8.0.jar
7fd45406d000-7fd45406e000 ---p 00000000 00:00 0 
7fd45406e000-7fd454071000 ---p 00000000 00:00 0 
7fd454071000-7fd45416e000 rw-p 00000000 00:00 0 
7fd45416e000-7fd454171000 ---p 00000000 00:00 0 
7fd454171000-7fd45426f000 rw-p 00000000 00:00 0 
7fd45426f000-7fd454272000 ---p 00000000 00:00 0 
7fd454272000-7fd45c000000 rw-p 00000000 00:00 0 
7fd45c000000-7fd45c021000 rw-p 00000000 00:00 0 
7fd45c021000-7fd460000000 ---p 00000000 00:00 0 
7fd460000000-7fd4602e2000 rw-p 00000000 00:00 0 
7fd4602e2000-7fd464000000 ---p 00000000 00:00 0 
7fd464000000-7fd464021000 rw-p 00000000 00:00 0 
7fd464021000-7fd468000000 ---p 00000000 00:00 0 
7fd468000000-7fd468021000 rw-p 00000000 00:00 0 
7fd468021000-7fd46c000000 ---p 00000000 00:00 0 
7fd46c000000-7fd46c021000 rw-p 00000000 00:00 0 
7fd46c021000-7fd470000000 ---p 00000000 00:00 0 
7fd470000000-7fd470021000 rw-p 00000000 00:00 0 
7fd470021000-7fd474000000 ---p 00000000 00:00 0 
7fd474000000-7fd474021000 rw-p 00000000 00:00 0 
7fd474021000-7fd478000000 ---p 00000000 00:00 0 
7fd478000000-7fd478021000 rw-p 00000000 00:00 0 
7fd478021000-7fd47c000000 ---p 00000000 00:00 0 
7fd47c000000-7fd47c021000 rw-p 00000000 00:00 0 
7fd47c021000-7fd480000000 ---p 00000000 00:00 0 
7fd480000000-7fd480001000 r--s 00004000 fd:01 3678256                    /home/shahar/.gradle/caches/modules-2/files-2.1/com.typesafe.akka/akka-slf4j_2.11/2.4.20/41e4c7fac2c9c36dbeafa6826f8cd62f4f857e70/akka-slf4j_2.11-2.4.20.jar
7fd480001000-7fd480002000 r--s 00001000 fd:01 3673572                    /home/shahar/.gradle/caches/modules-2/files-2.1/org.apache.flink/flink-annotations/1.5.3/ae6ba0765e013ecd3fa552d2413009a85fcdec82/flink-annotations-1.5.3.jar
7fd480002000-7fd480006000 r--s 0004b000 fd:01 3671632                    /home/shahar/.gradle/caches/modules-2/files-2.1/com.fasterxml.jackson.core/jackson-core/2.9.5/a22ac51016944b06fd9ffbc9541c6e7ce5eea117/jackson-core-2.9.5.jar
7fd480006000-7fd480019000 r--s 00135000 fd:01 3671635                    /home/shahar/.gradle/caches/modules-2/files-2.1/com.fasterxml.jackson.core/jackson-databind/2.9.5/3490508379d065fe3fcb80042b62f630f7588606/jackson-databind-2.9.5.jar
7fd480019000-7fd48001c000 r--s 00019000 fd:01 3673560                    /home/shahar/.gradle/caches/modules-2/files-2.1/com.datastax.cassandra/cassandra-driver-mapping/3.6.0/830fbfb1555d4d04ea32219c0f5eb24d086dcd5d/cassandra-driver-mapping-3.6.0.jar
7fd48001c000-7fd48002f000 r--s 00102000 fd:01 3673562                    /home/shahar/.gradle/caches/modules-2/files-2.1/com.datastax.cassandra/cassandra-driver-core/3.6.0/1d689ae757862f7c497dd6b186793d1bf921fd28/cassandra-driver-core-3.6.0.jar
7fd48002f000-7fd48007c000 r--s 002b9000 fd:01 3673556                    /home/shahar/.gradle/caches/modules-2/files-2.1/org.apache.beam/beam-runners-flink_2.11/2.8.0/f524674df85e147786e03d784af95cc5ca3a2732/beam-runners-flink_2.11-2.8.0.jar
7fd48007c000-7fd480086000 r--s 00116000 fd:01 5511545                    /usr/lib/jvm/java-8-openjdk-amd64/jre/lib/ext/localedata.jar
7fd480086000-7fd4800a1000 r--s 001d6000 fd:01 5511547                    /usr/lib/jvm/java-8-openjdk-amd64/jre/lib/ext/nashorn.jar
7fd4800a1000-7fd4800bc000 r--s 00394000 fd:01 5511541                    /usr/lib/jvm/java-8-openjdk-amd64/jre/lib/ext/cldrdata.jar
7fd4800bc000-7fd4800bf000 ---p 00000000 00:00 0 
7fd4800bf000-7fd4801bd000 rw-p 00000000 00:00 0 
7fd4801bd000-7fd4801be000 ---p 00000000 00:00 0 
7fd4801be000-7fd481e9f000 rw-p 00000000 00:00 0 
7fd481e9f000-7fd48206e000 r--s 03c33000 fd:01 5511568                    /usr/lib/jvm/java-8-openjdk-amd64/jre/lib/rt.jar
7fd48206e000-7fd483108000 rw-p 00000000 00:00 0 
7fd483108000-7fd483109000 ---p 00000000 00:00 0 
7fd483109000-7fd483209000 rw-p 00000000 00:00 0 
7fd483209000-7fd48320a000 ---p 00000000 00:00 0 
7fd48320a000-7fd48330a000 rw-p 00000000 00:00 0 
7fd48330a000-7fd48330b000 ---p 00000000 00:00 0 
7fd48330b000-7fd48340b000 rw-p 00000000 00:00 0 
7fd48340b000-7fd48340c000 ---p 00000000 00:00 0 
7fd48340c000-7fd48350c000 rw-p 00000000 00:00 0 
7fd48350c000-7fd48350d000 ---p 00000000 00:00 0 
7fd48350d000-7fd48360d000 rw-p 00000000 00:00 0 
7fd48360d000-7fd48360e000 ---p 00000000 00:00 0 
7fd48360e000-7fd48370e000 rw-p 00000000 00:00 0 
7fd48370e000-7fd48370f000 ---p 00000000 00:00 0 
7fd48370f000-7fd48380f000 rw-p 00000000 00:00 0 
7fd48380f000-7fd483810000 ---p 00000000 00:00 0 
7fd483810000-7fd483acd000 rw-p 00000000 00:00 0 
7fd483acd000-7fd483e41000 ---p 00000000 00:00 0 
7fd483e41000-7fd483ffe000 rw-p 00000000 00:00 0 
7fd483ffe000-7fd484371000 ---p 00000000 00:00 0 
7fd484371000-7fd48460a000 rw-p 00000000 00:00 0 
7fd48460a000-7fd484641000 rw-p 00000000 00:00 0 
7fd484641000-7fd4849cb000 ---p 00000000 00:00 0 
7fd4849cb000-7fd48571b000 rwxp 00000000 00:00 0 
7fd48571b000-7fd4939cb000 ---p 00000000 00:00 0 
7fd4939cb000-7fd4939d3000 r-xp 00000000 fd:01 5511530                    /usr/lib/jvm/java-8-openjdk-amd64/jre/lib/amd64/libzip.so
7fd4939d3000-7fd493bd2000 ---p 00008000 fd:01 5511530                    /usr/lib/jvm/java-8-openjdk-amd64/jre/lib/amd64/libzip.so
7fd493bd2000-7fd493bd3000 r--p 00007000 fd:01 5511530                    /usr/lib/jvm/java-8-openjdk-amd64/jre/lib/amd64/libzip.so
7fd493bd3000-7fd493bd4000 rw-p 00008000 fd:01 5511530                    /usr/lib/jvm/java-8-openjdk-amd64/jre/lib/amd64/libzip.so
7fd493bd4000-7fd493bdf000 r-xp 00000000 fd:01 11932336                   /lib/x86_64-linux-gnu/libnss_files-2.27.so
7fd493bdf000-7fd493dde000 ---p 0000b000 fd:01 11932336                   /lib/x86_64-linux-gnu/libnss_files-2.27.so
7fd493dde000-7fd493ddf000 r--p 0000a000 fd:01 11932336                   /lib/x86_64-linux-gnu/libnss_files-2.27.so
7fd493ddf000-7fd493de0000 rw-p 0000b000 fd:01 11932336                   /lib/x86_64-linux-gnu/libnss_files-2.27.so
7fd493de0000-7fd493de6000 rw-p 00000000 00:00 0 
7fd493de6000-7fd493dfd000 r-xp 00000000 fd:01 11932330                   /lib/x86_64-linux-gnu/libnsl-2.27.so
7fd493dfd000-7fd493ffc000 ---p 00017000 fd:01 11932330                   /lib/x86_64-linux-gnu/libnsl-2.27.so
7fd493ffc000-7fd493ffd000 r--p 00016000 fd:01 11932330                   /lib/x86_64-linux-gnu/libnsl-2.27.so
7fd493ffd000-7fd493ffe000 rw-p 00017000 fd:01 11932330                   /lib/x86_64-linux-gnu/libnsl-2.27.so
7fd493ffe000-7fd494000000 rw-p 00000000 00:00 0 
7fd494000000-7fd497ffc000 rw-p 00000000 00:00 0 
7fd497ffc000-7fd498000000 ---p 00000000 00:00 0 
7fd498000000-7fd498001000 r--s 00004000 fd:01 3673568                    /home/shahar/.gradle/caches/modules-2/files-2.1/org.apache.flink/flink-hadoop-fs/1.5.3/79577fa6f0d67a6f9247683f518420550bde667d/flink-hadoop-fs-1.5.3.jar
7fd498001000-7fd498003000 r--s 0000d000 fd:01 3673559                    /home/shahar/.gradle/caches/modules-2/files-2.1/com.datastax.cassandra/cassandra-driver-extras/3.6.0/e8acb6973070f1bd26448b2cbc3a22e89fed8e36/cassandra-driver-extras-3.6.0.jar
7fd498003000-7fd498005000 r--s 00007000 fd:01 5902825                    /usr/share/java/java-atk-wrapper.jar
7fd498005000-7fd498008000 r--s 0000f000 fd:01 5511543                    /usr/lib/jvm/java-8-openjdk-amd64/jre/lib/ext/icedtea-sound.jar
7fd498008000-7fd49800b000 r--s 00038000 fd:01 5511550                    /usr/lib/jvm/java-8-openjdk-amd64/jre/lib/ext/sunpkcs11.jar
7fd49800b000-7fd49804d000 rw-p 00000000 00:00 0 
7fd49804d000-7fd498058000 r-xp 00000000 fd:01 11932347                   /lib/x86_64-linux-gnu/libnss_nis-2.27.so
7fd498058000-7fd498257000 ---p 0000b000 fd:01 11932347                   /lib/x86_64-linux-gnu/libnss_nis-2.27.so
7fd498257000-7fd498258000 r--p 0000a000 fd:01 11932347                   /lib/x86_64-linux-gnu/libnss_nis-2.27.so
7fd498258000-7fd498259000 rw-p 0000b000 fd:01 11932347                   /lib/x86_64-linux-gnu/libnss_nis-2.27.so
7fd498259000-7fd498261000 r-xp 00000000 fd:01 11932332                   /lib/x86_64-linux-gnu/libnss_compat-2.27.so
7fd498261000-7fd498461000 ---p 00008000 fd:01 11932332                   /lib/x86_64-linux-gnu/libnss_compat-2.27.so
7fd498461000-7fd498462000 r--p 00008000 fd:01 11932332                   /lib/x86_64-linux-gnu/libnss_compat-2.27.so
7fd498462000-7fd498463000 rw-p 00009000 fd:01 11932332                   /lib/x86_64-linux-gnu/libnss_compat-2.27.so
7fd498463000-7fd498491000 r-xp 00000000 fd:01 5511511                    /usr/lib/jvm/java-8-openjdk-amd64/jre/lib/amd64/libjava.so
7fd498491000-7fd498690000 ---p 0002e000 fd:01 5511511                    /usr/lib/jvm/java-8-openjdk-amd64/jre/lib/amd64/libjava.so
7fd498690000-7fd498691000 r--p 0002d000 fd:01 5511511                    /usr/lib/jvm/java-8-openjdk-amd64/jre/lib/amd64/libjava.so
7fd498691000-7fd498693000 rw-p 0002e000 fd:01 5511511                    /usr/lib/jvm/java-8-openjdk-amd64/jre/lib/amd64/libjava.so
7fd498693000-7fd4986a3000 r-xp 00000000 fd:01 5511529                    /usr/lib/jvm/java-8-openjdk-amd64/jre/lib/amd64/libverify.so
7fd4986a3000-7fd4988a2000 ---p 00010000 fd:01 5511529                    /usr/lib/jvm/java-8-openjdk-amd64/jre/lib/amd64/libverify.so
7fd4988a2000-7fd4988a4000 r--p 0000f000 fd:01 5511529                    /usr/lib/jvm/java-8-openjdk-amd64/jre/lib/amd64/libverify.so
7fd4988a4000-7fd4988a5000 rw-p 00011000 fd:01 5511529                    /usr/lib/jvm/java-8-openjdk-amd64/jre/lib/amd64/libverify.so
7fd4988a5000-7fd4988ac000 r-xp 00000000 fd:01 11932387                   /lib/x86_64-linux-gnu/librt-2.27.so
7fd4988ac000-7fd498aab000 ---p 00007000 fd:01 11932387                   /lib/x86_64-linux-gnu/librt-2.27.so
7fd498aab000-7fd498aac000 r--p 00006000 fd:01 11932387                   /lib/x86_64-linux-gnu/librt-2.27.so
7fd498aac000-7fd498aad000 rw-p 00007000 fd:01 11932387                   /lib/x86_64-linux-gnu/librt-2.27.so
7fd498aad000-7fd498ac4000 r-xp 00000000 fd:01 11931333                   /lib/x86_64-linux-gnu/libgcc_s.so.1
7fd498ac4000-7fd498cc3000 ---p 00017000 fd:01 11931333                   /lib/x86_64-linux-gnu/libgcc_s.so.1
7fd498cc3000-7fd498cc4000 r--p 00016000 fd:01 11931333                   /lib/x86_64-linux-gnu/libgcc_s.so.1
7fd498cc4000-7fd498cc5000 rw-p 00017000 fd:01 11931333                   /lib/x86_64-linux-gnu/libgcc_s.so.1
7fd498cc5000-7fd498e62000 r-xp 00000000 fd:01 11932309                   /lib/x86_64-linux-gnu/libm-2.27.so
7fd498e62000-7fd499061000 ---p 0019d000 fd:01 11932309                   /lib/x86_64-linux-gnu/libm-2.27.so
7fd499061000-7fd499062000 r--p 0019c000 fd:01 11932309                   /lib/x86_64-linux-gnu/libm-2.27.so
7fd499062000-7fd499063000 rw-p 0019d000 fd:01 11932309                   /lib/x86_64-linux-gnu/libm-2.27.so
7fd499063000-7fd4991dc000 r-xp 00000000 fd:01 5507720                    /usr/lib/x86_64-linux-gnu/libstdc++.so.6.0.25
7fd4991dc000-7fd4993dc000 ---p 00179000 fd:01 5507720                    /usr/lib/x86_64-linux-gnu/libstdc++.so.6.0.25
7fd4993dc000-7fd4993e6000 r--p 00179000 fd:01 5507720                    /usr/lib/x86_64-linux-gnu/libstdc++.so.6.0.25
7fd4993e6000-7fd4993e8000 rw-p 00183000 fd:01 5507720                    /usr/lib/x86_64-linux-gnu/libstdc++.so.6.0.25
7fd4993e8000-7fd4993ec000 rw-p 00000000 00:00 0 
7fd4993ec000-7fd49a086000 r-xp 00000000 fd:01 5511532                    /usr/lib/jvm/java-8-openjdk-amd64/jre/lib/amd64/server/libjvm.so
7fd49a086000-7fd49a285000 ---p 00c9a000 fd:01 5511532                    /usr/lib/jvm/java-8-openjdk-amd64/jre/lib/amd64/server/libjvm.so
7fd49a285000-7fd49a319000 r--p 00c99000 fd:01 5511532                    /usr/lib/jvm/java-8-openjdk-amd64/jre/lib/amd64/server/libjvm.so
7fd49a319000-7fd49a342000 rw-p 00d2d000 fd:01 5511532                    /usr/lib/jvm/java-8-openjdk-amd64/jre/lib/amd64/server/libjvm.so
7fd49a342000-7fd49a372000 rw-p 00000000 00:00 0 
7fd49a372000-7fd49a38c000 r-xp 00000000 fd:01 11932379                   /lib/x86_64-linux-gnu/libpthread-2.27.so
7fd49a38c000-7fd49a58b000 ---p 0001a000 fd:01 11932379                   /lib/x86_64-linux-gnu/libpthread-2.27.so
7fd49a58b000-7fd49a58c000 r--p 00019000 fd:01 11932379                   /lib/x86_64-linux-gnu/libpthread-2.27.so
7fd49a58c000-7fd49a58d000 rw-p 0001a000 fd:01 11932379                   /lib/x86_64-linux-gnu/libpthread-2.27.so
7fd49a58d000-7fd49a591000 rw-p 00000000 00:00 0 
7fd49a591000-7fd49a594000 r-xp 00000000 fd:01 11932269                   /lib/x86_64-linux-gnu/libdl-2.27.so
7fd49a594000-7fd49a793000 ---p 00003000 fd:01 11932269                   /lib/x86_64-linux-gnu/libdl-2.27.so
7fd49a793000-7fd49a794000 r--p 00002000 fd:01 11932269                   /lib/x86_64-linux-gnu/libdl-2.27.so
7fd49a794000-7fd49a795000 rw-p 00003000 fd:01 11932269                   /lib/x86_64-linux-gnu/libdl-2.27.so
7fd49a795000-7fd49a7b1000 r-xp 00000000 fd:01 11932418                   /lib/x86_64-linux-gnu/libz.so.1.2.11
7fd49a7b1000-7fd49a9b0000 ---p 0001c000 fd:01 11932418                   /lib/x86_64-linux-gnu/libz.so.1.2.11
7fd49a9b0000-7fd49a9b1000 r--p 0001b000 fd:01 11932418                   /lib/x86_64-linux-gnu/libz.so.1.2.11
7fd49a9b1000-7fd49a9b2000 rw-p 0001c000 fd:01 11932418                   /lib/x86_64-linux-gnu/libz.so.1.2.11
7fd49a9b2000-7fd49ab99000 r-xp 00000000 fd:01 11932246                   /lib/x86_64-linux-gnu/libc-2.27.so
7fd49ab99000-7fd49ad99000 ---p 001e7000 fd:01 11932246                   /lib/x86_64-linux-gnu/libc-2.27.so
7fd49ad99000-7fd49ad9d000 r--p 001e7000 fd:01 11932246                   /lib/x86_64-linux-gnu/libc-2.27.so
7fd49ad9d000-7fd49ad9f000 rw-p 001eb000 fd:01 11932246                   /lib/x86_64-linux-gnu/libc-2.27.so
7fd49ad9f000-7fd49ada3000 rw-p 00000000 00:00 0 
7fd49ada3000-7fd49adb1000 r-xp 00000000 fd:01 5511497                    /usr/lib/jvm/java-8-openjdk-amd64/jre/lib/amd64/jli/libjli.so
7fd49adb1000-7fd49afb0000 ---p 0000e000 fd:01 5511497                    /usr/lib/jvm/java-8-openjdk-amd64/jre/lib/amd64/jli/libjli.so
7fd49afb0000-7fd49afb1000 r--p 0000d000 fd:01 5511497                    /usr/lib/jvm/java-8-openjdk-amd64/jre/lib/amd64/jli/libjli.so
7fd49afb1000-7fd49afb2000 rw-p 0000e000 fd:01 5511497                    /usr/lib/jvm/java-8-openjdk-amd64/jre/lib/amd64/jli/libjli.so
7fd49afb2000-7fd49afd9000 r-xp 00000000 fd:01 11932218                   /lib/x86_64-linux-gnu/ld-2.27.so
7fd49afd9000-7fd49afdf000 r--s 0003b000 fd:01 5511549                    /usr/lib/jvm/java-8-openjdk-amd64/jre/lib/ext/sunjce_provider.jar
7fd49afdf000-7fd49b0a3000 rw-p 00000000 00:00 0 
7fd49b0a3000-7fd49b0a4000 ---p 00000000 00:00 0 
7fd49b0a4000-7fd49b0a7000 ---p 00000000 00:00 0 
7fd49b0a7000-7fd49b1a6000 rw-p 00000000 00:00 0 
7fd49b1a6000-7fd49b1a7000 r--s 00010000 fd:01 5511551                    /usr/lib/jvm/java-8-openjdk-amd64/jre/lib/ext/zipfs.jar
7fd49b1a7000-7fd49b1a8000 r--s 0000a000 fd:01 5511544                    /usr/lib/jvm/java-8-openjdk-amd64/jre/lib/ext/jaccess.jar
7fd49b1a8000-7fd49b1aa000 r--s 00008000 fd:01 5511548                    /usr/lib/jvm/java-8-openjdk-amd64/jre/lib/ext/sunec.jar
7fd49b1aa000-7fd49b1ac000 r--s 00001000 fd:01 5511542                    /usr/lib/jvm/java-8-openjdk-amd64/jre/lib/ext/dnsns.jar
7fd49b1ac000-7fd49b1cd000 rw-p 00000000 00:00 0 
7fd49b1cd000-7fd49b1d5000 rw-s 00000000 fd:01 5514861                    /tmp/hsperfdata_shahar/540
7fd49b1d5000-7fd49b1d6000 rw-p 00000000 00:00 0 
7fd49b1d6000-7fd49b1d7000 ---p 00000000 00:00 0 
7fd49b1d7000-7fd49b1d9000 rw-p 00000000 00:00 0 
7fd49b1d9000-7fd49b1da000 r--p 00027000 fd:01 11932218                   /lib/x86_64-linux-gnu/ld-2.27.so
7fd49b1da000-7fd49b1db000 rw-p 00028000 fd:01 11932218                   /lib/x86_64-linux-gnu/ld-2.27.so
7fd49b1db000-7fd49b1dc000 rw-p 00000000 00:00 0 
7fff6ea15000-7fff6ea3a000 rw-p 00000000 00:00 0                          [stack]
7fff6eaaa000-7fff6eaad000 r--p 00000000 00:00 0                          [vvar]
7fff6eaad000-7fff6eaaf000 r-xp 00000000 00:00 0                          [vdso]
ffffffffff600000-ffffffffff601000 r-xp 00000000 00:00 0                  [vsyscall]

VM Arguments:
jvm_args: -Dfile.encoding=UTF-8 -Duser.country=US -Duser.language=en -Duser.variant 
java_command: org.apache.beam.examples.Test
java_class_path (initial): /data/shahar/code/mooving/mooving-dev-ops/beam-test/build/classes/java/main:/data/shahar/code/mooving/mooving-dev-ops/beam-test/build/resources/main:/home/shahar/.gradle/caches/modules-2/files-2.1/org.apache.beam/beam-runners-flink_2.11/2.8.0/f524674df85e147786e03d784af95cc5ca3a2732/beam-runners-flink_2.11-2.8.0.jar:/home/shahar/.gradle/caches/modules-2/files-2.1/org.apache.beam/beam-runners-core-java/2.8.0/cb52ad855d37128dc77aa36d66c86896c141aeef/beam-runners-core-java-2.8.0.jar:/home/shahar/.gradle/caches/modules-2/files-2.1/org.apache.beam/beam-runners-java-fn-execution/2.8.0/fdd1e918b24f2e92209302054d48732842d88bc/beam-runners-java-fn-execution-2.8.0.jar:/home/shahar/.gradle/caches/modules-2/files-2.1/org.apache.beam/beam-runners-core-construction-java/2.8.0/ac62ba897554981b651c5da18effed10d899f532/beam-runners-core-construction-java-2.8.0.jar:/home/shahar/.gradle/caches/modules-2/files-2.1/org.apache.beam/beam-sdks-java-fn-execution/2.8.0/e7660bc0e7effd238d108d12b5988636affa0560/beam-sdks-java-fn-execution-2.8.0.jar:/home/shahar/.gradle/caches/modules-2/files-2.1/org.apache.beam/beam-vendor-sdks-java-extensions-protobuf/2.8.0/98d69a1afb8ebb8137c5ddbd3080f0cee8976c57/beam-vendor-sdks-java-extensions-protobuf-2.8.0.jar:/home/shahar/.gradle/caches/modules-2/files-2.1/org.apache.beam/beam-sdks-java-core/2.8.0/a05940aca8999cc14fcab4c343494a93858d530e/beam-sdks-java-core-2.8.0.jar:/home/shahar/.gradle/caches/modules-2/files-2.1/org.apache.beam/beam-sdks-java-io-cassandra/2.4.0/c50b096e0253f6d078de7a4dd6d081adc5ed160a/beam-sdks-java-io-cassandra-2.4.0.jar:/home/shahar/.gradle/caches/modules-2/files-2.1/com.datastax.cassandra/cassandra-driver-extras/3.6.0/e8acb6973070f1bd26448b2cbc3a22e89fed8e36/cassandra-driver-extras-3.6.0.jar:/home/shahar/.gradle/caches/modules-2/files-2.1/com.datastax.cassandra/cassandra-driver-core/3.6.0/78a1ab6540dd48b6761a06c8a043d525ef336b83/cassandra-driver-core-3.6.0-shaded.jar:/home/shahar/.gradle/caches/modules-
Launcher Type: SUN_STANDARD

Environment Variables:
PATH=/home/shahar/.cargo/bin:/home/shahar/.nvm/versions/node/v9.11.2/bin:/home/shahar/.cargo/bin:/home/shahar/.local/bin:/usr/local/sbin:/usr/local/bin:/usr/sbin:/usr/bin:/sbin:/bin:/usr/games:/usr/local/games:/snap/bin:/opt/gradle/bin
USERNAME=shahar
SHELL=/bin/bash
DISPLAY=:0

Signal Handlers:
SIGSEGV: [libjvm.so+0xab2e60], sa_mask[0]=11111111011111111101111111111110, sa_flags=SA_RESTART|SA_SIGINFO
SIGBUS: [libjvm.so+0xab2e60], sa_mask[0]=11111111011111111101111111111110, sa_flags=SA_RESTART|SA_SIGINFO
SIGFPE: [libjvm.so+0x8e8860], sa_mask[0]=11111111011111111101111111111110, sa_flags=SA_RESTART|SA_SIGINFO
SIGPIPE: [libjvm.so+0x8e8860], sa_mask[0]=11111111011111111101111111111110, sa_flags=SA_RESTART|SA_SIGINFO
SIGXFSZ: [libjvm.so+0x8e8860], sa_mask[0]=11111111011111111101111111111110, sa_flags=SA_RESTART|SA_SIGINFO
SIGILL: [libjvm.so+0x8e8860], sa_mask[0]=11111111011111111101111111111110, sa_flags=SA_RESTART|SA_SIGINFO
SIGUSR1: SIG_DFL, sa_mask[0]=00000000000000000000000000000000, sa_flags=none
SIGUSR2: [libjvm.so+0x8e8710], sa_mask[0]=00100000000000000000000000000000, sa_flags=SA_RESTART|SA_SIGINFO
SIGHUP: [libjvm.so+0x8e8d80], sa_mask[0]=11111111011111111101111111111110, sa_flags=SA_RESTART|SA_SIGINFO
SIGINT: [libjvm.so+0x8e8d80], sa_mask[0]=11111111011111111101111111111110, sa_flags=SA_RESTART|SA_SIGINFO
SIGTERM: [libjvm.so+0x8e8d80], sa_mask[0]=11111111011111111101111111111110, sa_flags=SA_RESTART|SA_SIGINFO
SIGQUIT: [libjvm.so+0x8e8d80], sa_mask[0]=11111111011111111101111111111110, sa_flags=SA_RESTART|SA_SIGINFO


---------------  S Y S T E M  ---------------

OS:DISTRIB_ID=Ubuntu
DISTRIB_RELEASE=18.04
DISTRIB_CODENAME=bionic
DISTRIB_DESCRIPTION="Ubuntu 18.04.1 LTS"

uname:Linux 4.15.0-42-generic #45-Ubuntu SMP Thu Nov 15 19:32:57 UTC 2018 x86_64
libc:glibc 2.27 NPTL 2.27 
rlimit: STACK 8192k, CORE 0k, NPROC 63138, NOFILE 1048576, AS infinity
load average:6.10 2.23 1.73

/proc/meminfo:
MemTotal:       16321500 kB
MemFree:          140344 kB
MemAvailable:      48288 kB
Buffers:             692 kB
Cached:           205684 kB
SwapCached:        21808 kB
Active:         13655928 kB
Inactive:        1654392 kB
Active(anon):   13644884 kB
Inactive(anon):  1642284 kB
Active(file):      11044 kB
Inactive(file):    12108 kB
Unevictable:        3040 kB
Mlocked:            3040 kB
SwapTotal:        999420 kB
SwapFree:              0 kB
Dirty:                 0 kB
Writeback:             0 kB
AnonPages:      15085704 kB
Mapped:           316656 kB
Shmem:            182708 kB
Slab:             360876 kB
SReclaimable:     139972 kB
SUnreclaim:       220904 kB
KernelStack:       33504 kB
PageTables:       156552 kB
NFS_Unstable:          0 kB
Bounce:                0 kB
WritebackTmp:          0 kB
CommitLimit:     9160168 kB
Committed_AS:   35542948 kB
VmallocTotal:   34359738367 kB
VmallocUsed:           0 kB
VmallocChunk:          0 kB
HardwareCorrupted:     0 kB
AnonHugePages:         0 kB
ShmemHugePages:        0 kB
ShmemPmdMapped:        0 kB
CmaTotal:              0 kB
CmaFree:               0 kB
HugePages_Total:       0
HugePages_Free:        0
HugePages_Rsvd:        0
HugePages_Surp:        0
Hugepagesize:       2048 kB
DirectMap4k:      981812 kB
DirectMap2M:    15691776 kB
DirectMap1G:     1048576 kB

container (cgroup) information:
container_type: cgroupv1
cpu_cpuset_cpus: 0-7
cpu_memory_nodes: 0
active_processor_count: 8
cpu_quota: -1
cpu_period: 100000
cpu_shares: -1
memory_limit_in_bytes: -1
memory_and_swap_limit_in_bytes: -2
memory_soft_limit_in_bytes: -1
memory_usage_in_bytes: 11517763584
memory_max_usage_in_bytes: 15487340544


CPU:total 8 (initial active 8) (4 cores per cpu, 2 threads per core) family 6 model 94 stepping 3, cmov, cx8, fxsr, mmx, sse, sse2, sse3, ssse3, sse4.1, sse4.2, popcnt, avx, avx2, aes, clmul, erms, rtm, 3dnowpref, lzcnt, ht, tsc, tscinvbit, bmi1, bmi2, adx

/proc/cpuinfo:
processor	: 0
vendor_id	: GenuineIntel
cpu family	: 6
model		: 94
model name	: Intel(R) Core(TM) i7-6700HQ CPU @ 2.60GHz
stepping	: 3
microcode	: 0xc6
cpu MHz		: 2930.659
cache size	: 6144 KB
physical id	: 0
siblings	: 8
core id		: 0
cpu cores	: 4
apicid		: 0
initial apicid	: 0
fpu		: yes
fpu_exception	: yes
cpuid level	: 22
wp		: yes
flags		: fpu vme de pse tsc msr pae mce cx8 apic sep mtrr pge mca cmov pat pse36 clflush dts acpi mmx fxsr sse sse2 ss ht tm pbe syscall nx pdpe1gb rdtscp lm constant_tsc art arch_perfmon pebs bts rep_good nopl xtopology nonstop_tsc cpuid aperfmperf tsc_known_freq pni pclmulqdq dtes64 monitor ds_cpl vmx est tm2 ssse3 sdbg fma cx16 xtpr pdcm pcid sse4_1 sse4_2 x2apic movbe popcnt tsc_deadline_timer aes xsave avx f16c rdrand lahf_lm abm 3dnowprefetch cpuid_fault epb invpcid_single pti ssbd ibrs ibpb stibp tpr_shadow vnmi flexpriority ept vpid fsgsbase tsc_adjust bmi1 hle avx2 smep bmi2 erms invpcid rtm mpx rdseed adx smap clflushopt intel_pt xsaveopt xsavec xgetbv1 xsaves dtherm ida arat pln pts hwp hwp_notify hwp_act_window hwp_epp flush_l1d
bugs		: cpu_meltdown spectre_v1 spectre_v2 spec_store_bypass l1tf
bogomips	: 5184.00
clflush size	: 64
cache_alignment	: 64
address sizes	: 39 bits physical, 48 bits virtual
power management:

processor	: 1
vendor_id	: GenuineIntel
cpu family	: 6
model		: 94
model name	: Intel(R) Core(TM) i7-6700HQ CPU @ 2.60GHz
stepping	: 3
microcode	: 0xc6
cpu MHz		: 2930.320
cache size	: 6144 KB
physical id	: 0
siblings	: 8
core id		: 1
cpu cores	: 4
apicid		: 2
initial apicid	: 2
fpu		: yes
fpu_exception	: yes
cpuid level	: 22
wp		: yes
flags		: fpu vme de pse tsc msr pae mce cx8 apic sep mtrr pge mca cmov pat pse36 clflush dts acpi mmx fxsr sse sse2 ss ht tm pbe syscall nx pdpe1gb rdtscp lm constant_tsc art arch_perfmon pebs bts rep_good nopl xtopology nonstop_tsc cpuid aperfmperf tsc_known_freq pni pclmulqdq dtes64 monitor ds_cpl vmx est tm2 ssse3 sdbg fma cx16 xtpr pdcm pcid sse4_1 sse4_2 x2apic movbe popcnt tsc_deadline_timer aes xsave avx f16c rdrand lahf_lm abm 3dnowprefetch cpuid_fault epb invpcid_single pti ssbd ibrs ibpb stibp tpr_shadow vnmi flexpriority ept vpid fsgsbase tsc_adjust bmi1 hle avx2 smep bmi2 erms invpcid rtm mpx rdseed adx smap clflushopt intel_pt xsaveopt xsavec xgetbv1 xsaves dtherm ida arat pln pts hwp hwp_notify hwp_act_window hwp_epp flush_l1d
bugs		: cpu_meltdown spectre_v1 spectre_v2 spec_store_bypass l1tf
bogomips	: 5184.00
clflush size	: 64
cache_alignment	: 64
address sizes	: 39 bits physical, 48 bits virtual
power management:

processor	: 2
vendor_id	: GenuineIntel
cpu family	: 6
model		: 94
model name	: Intel(R) Core(TM) i7-6700HQ CPU @ 2.60GHz
stepping	: 3
microcode	: 0xc6
cpu MHz		: 2932.178
cache size	: 6144 KB
physical id	: 0
siblings	: 8
core id		: 2
cpu cores	: 4
apicid		: 4
initial apicid	: 4
fpu		: yes
fpu_exception	: yes
cpuid level	: 22
wp		: yes
flags		: fpu vme de pse tsc msr pae mce cx8 apic sep mtrr pge mca cmov pat pse36 clflush dts acpi mmx fxsr sse sse2 ss ht tm pbe syscall nx pdpe1gb rdtscp lm constant_tsc art arch_perfmon pebs bts rep_good nopl xtopology nonstop_tsc cpuid aperfmperf tsc_known_freq pni pclmulqdq dtes64 monitor ds_cpl vmx est tm2 ssse3 sdbg fma cx16 xtpr pdcm pcid sse4_1 sse4_2 x2apic movbe popcnt tsc_deadline_timer aes xsave avx f16c rdrand lahf_lm abm 3dnowprefetch cpuid_fault epb invpcid_single pti ssbd ibrs ibpb stibp tpr_shadow vnmi flexpriority ept vpid fsgsbase tsc_adjust bmi1 hle avx2 smep bmi2 erms invpcid rtm mpx rdseed adx smap clflushopt intel_pt xsaveopt xsavec xgetbv1 xsaves dtherm ida arat pln pts hwp hwp_notify hwp_act_window hwp_epp flush_l1d
bugs		: cpu_meltdown spectre_v1 spectre_v2 spec_store_bypass l1tf
bogomips	: 5184.00
clflush size	: 64
cache_alignment	: 64
address sizes	: 39 bits physical, 48 bits virtual
power management:

processor	: 3
vendor_id	: GenuineIntel
cpu family	: 6
model		: 94
model name	: Intel(R) Core(TM) i7-6700HQ CPU @ 2.60GHz
stepping	: 3
microcode	: 0xc6
cpu MHz		: 2973.296
cache size	: 6144 KB
physical id	: 0
siblings	: 8
core id		: 3
cpu cores	: 4
apicid		: 6
initial apicid	: 6
fpu		: yes
fpu_exception	: yes
cpuid level	: 22
wp		: yes
flags		: fpu vme de pse tsc msr pae mce cx8 apic sep mtrr pge mca cmov pat pse36 clflush dts acpi mmx fxsr sse sse2 ss ht tm pbe syscall nx pdpe1gb rdtscp lm constant_tsc art arch_perfmon pebs bts rep_good nopl xtopology nonstop_tsc cpuid aperfmperf tsc_known_freq pni pclmulqdq dtes64 monitor ds_cpl vmx est tm2 ssse3 sdbg fma cx16 xtpr pdcm pcid sse4_1 sse4_2 x2apic movbe popcnt tsc_deadline_timer aes xsave avx f16c rdrand lahf_lm abm 3dnowprefetch cpuid_fault epb invpcid_single pti ssbd ibrs ibpb stibp tpr_shadow vnmi flexpriority ept vpid fsgsbase tsc_adjust bmi1 hle avx2 smep bmi2 erms invpcid rtm mpx rdseed adx smap clflushopt intel_pt xsaveopt xsavec xgetbv1 xsaves dtherm ida arat pln pts hwp hwp_notify hwp_act_window hwp_epp flush_l1d
bugs		: cpu_meltdown spectre_v1 spectre_v2 spec_store_bypass l1tf
bogomips	: 5184.00
clflush size	: 64
cache_alignment	: 64
address sizes	: 39 bits physical, 48 bits virtual
power management:

processor	: 4
vendor_id	: GenuineIntel
cpu family	: 6
model		: 94
model name	: Intel(R) Core(TM) i7-6700HQ CPU @ 2.60GHz
stepping	: 3
microcode	: 0xc6
cpu MHz		: 2994.079
cache size	: 6144 KB
physical id	: 0
siblings	: 8
core id		: 0
cpu cores	: 4
apicid		: 1
initial apicid	: 1
fpu		: yes
fpu_exception	: yes
cpuid level	: 22
wp		: yes
flags		: fpu vme de pse tsc msr pae mce cx8 apic sep mtrr pge mca cmov pat pse36 clflush dts acpi mmx fxsr sse sse2 ss ht tm pbe syscall nx pdpe1gb rdtscp lm constant_tsc art arch_perfmon pebs bts rep_good nopl xtopology nonstop_tsc cpuid aperfmperf tsc_known_freq pni pclmulqdq dtes64 monitor ds_cpl vmx est tm2 ssse3 sdbg fma cx16 xtpr pdcm pcid sse4_1 sse4_2 x2apic movbe popcnt tsc_deadline_timer aes xsave avx f16c rdrand lahf_lm abm 3dnowprefetch cpuid_fault epb invpcid_single pti ssbd ibrs ibpb stibp tpr_shadow vnmi flexpriority ept vpid fsgsbase tsc_adjust bmi1 hle avx2 smep bmi2 erms invpcid rtm mpx rdseed adx smap clflushopt intel_pt xsaveopt xsavec xgetbv1 xsaves dtherm ida arat pln pts hwp hwp_notify hwp_act_window hwp_epp flush_l1d
bugs		: cpu_meltdown spectre_v1 spectre_v2 spec_store_bypass l1tf
bogomips	: 5184.00
clflush size	: 64
cache_alignment	: 64
address sizes	: 39 bits physical, 48 bits virtual
power management:

processor	: 5
vendor_id	: GenuineIntel
cpu family	: 6
model		: 94
model name	: Intel(R) Core(TM) i7-6700HQ CPU @ 2.60GHz
stepping	: 3
microcode	: 0xc6
cpu MHz		: 2995.336
cache size	: 6144 KB
physical id	: 0
siblings	: 8
core id		: 1
cpu cores	: 4
apicid		: 3
initial apicid	: 3
fpu		: yes
fpu_exception	: yes
cpuid level	: 22
wp		: yes
flags		: fpu vme de pse tsc msr pae mce cx8 apic sep mtrr pge mca cmov pat pse36 clflush dts acpi mmx fxsr sse sse2 ss ht tm pbe syscall nx pdpe1gb rdtscp lm constant_tsc art arch_perfmon pebs bts rep_good nopl xtopology nonstop_tsc cpuid aperfmperf tsc_known_freq pni pclmulqdq dtes64 monitor ds_cpl vmx est tm2 ssse3 sdbg fma cx16 xtpr pdcm pcid sse4_1 sse4_2 x2apic movbe popcnt tsc_deadline_timer aes xsave avx f16c rdrand lahf_lm abm 3dnowprefetch cpuid_fault epb invpcid_single pti ssbd ibrs ibpb stibp tpr_shadow vnmi flexpriority ept vpid fsgsbase tsc_adjust bmi1 hle avx2 smep bmi2 erms invpcid rtm mpx rdseed adx smap clflushopt intel_pt xsaveopt xsavec xgetbv1 xsaves dtherm ida arat pln pts hwp hwp_notify hwp_act_window hwp_epp flush_l1d
bugs		: cpu_meltdown spectre_v1 spectre_v2 spec_store_bypass l1tf
bogomips	: 5184.00
clflush size	: 64
cache_alignment	: 64
address sizes	: 39 bits physical, 48 bits virtual
power management:

processor	: 6
vendor_id	: GenuineIntel
cpu family	: 6
model		: 94
model name	: Intel(R) Core(TM) i7-6700HQ CPU @ 2.60GHz
stepping	: 3
microcode	: 0xc6
cpu MHz		: 3010.455
cache size	: 6144 KB
physical id	: 0
siblings	: 8
core id		: 2
cpu cores	: 4
apicid		: 5
initial apicid	: 5
fpu		: yes
fpu_exception	: yes
cpuid level	: 22
wp		: yes
flags		: fpu vme de pse tsc msr pae mce cx8 apic sep mtrr pge mca cmov pat pse36 clflush dts acpi mmx fxsr sse sse2 ss ht tm pbe syscall nx pdpe1gb rdtscp lm constant_tsc art arch_perfmon pebs bts rep_good nopl xtopology nonstop_tsc cpuid aperfmperf tsc_known_freq pni pclmulqdq dtes64 monitor ds_cpl vmx est tm2 ssse3 sdbg fma cx16 xtpr pdcm pcid sse4_1 sse4_2 x2apic movbe popcnt tsc_deadline_timer aes xsave avx f16c rdrand lahf_lm abm 3dnowprefetch cpuid_fault epb invpcid_single pti ssbd ibrs ibpb stibp tpr_shadow vnmi flexpriority ept vpid fsgsbase tsc_adjust bmi1 hle avx2 smep bmi2 erms invpcid rtm mpx rdseed adx smap clflushopt intel_pt xsaveopt xsavec xgetbv1 xsaves dtherm ida arat pln pts hwp hwp_notify hwp_act_window hwp_epp flush_l1d
bugs		: cpu_meltdown spectre_v1 spectre_v2 spec_store_bypass l1tf
bogomips	: 5184.00
clflush size	: 64
cache_alignment	: 64
address sizes	: 39 bits physical, 48 bits virtual
power management:

processor	: 7
vendor_id	: GenuineIntel
cpu family	: 6
model		: 94
model name	: Intel(R) Core(TM) i7-6700HQ CPU @ 2.60GHz
stepping	: 3
microcode	: 0xc6
cpu MHz		: 3010.914
cache size	: 6144 KB
physical id	: 0
siblings	: 8
core id		: 3
cpu cores	: 4
apicid		: 7
initial apicid	: 7
fpu		: yes
fpu_exception	: yes
cpuid level	: 22
wp		: yes
flags		: fpu vme de pse tsc msr pae mce cx8 apic sep mtrr pge mca cmov pat pse36 clflush dts acpi mmx fxsr sse sse2 ss ht tm pbe syscall nx pdpe1gb rdtscp lm constant_tsc art arch_perfmon pebs bts rep_good nopl xtopology nonstop_tsc cpuid aperfmperf tsc_known_freq pni pclmulqdq dtes64 monitor ds_cpl vmx est tm2 ssse3 sdbg fma cx16 xtpr pdcm pcid sse4_1 sse4_2 x2apic movbe popcnt tsc_deadline_timer aes xsave avx f16c rdrand lahf_lm abm 3dnowprefetch cpuid_fault epb invpcid_single pti ssbd ibrs ibpb stibp tpr_shadow vnmi flexpriority ept vpid fsgsbase tsc_adjust bmi1 hle avx2 smep bmi2 erms invpcid rtm mpx rdseed adx smap clflushopt intel_pt xsaveopt xsavec xgetbv1 xsaves dtherm ida arat pln pts hwp hwp_notify hwp_act_window hwp_epp flush_l1d
bugs		: cpu_meltdown spectre_v1 spectre_v2 spec_store_bypass l1tf
bogomips	: 5184.00
clflush size	: 64
cache_alignment	: 64
address sizes	: 39 bits physical, 48 bits virtual
power management:



Memory: 4k page, physical 16321500k(142144k free), swap 999420k(0k free)

vm_info: OpenJDK 64-Bit Server VM (25.191-b12) for linux-amd64 JRE (1.8.0_191-8u191-b12-0ubuntu0.18.04.1-b12), built on Nov 20 2018 01:07:58 by "buildd" with gcc 7.3.0

time: Mon Dec 10 15:18:59 2018
elapsed time: 27 seconds (0d 0h 0m 27s)

